bazel-out/darwin_arm64-fastbuild-ST-1b266ee57b39/bin/external/io_bazel_rules_go/stdlib_/src/sync/cond.go:69:12: PGO devirtualizing c.L.Unlock to (*Mutex).Unlock
bazel-out/darwin_arm64-fastbuild-ST-1b266ee57b39/bin/external/io_bazel_rules_go/stdlib_/src/sync/cond.go:71:10: PGO devirtualizing c.L.Lock to (*Mutex).Lock
bazel-out/darwin_arm64-fastbuild-ST-1b266ee57b39/bin/external/io_bazel_rules_go/stdlib_/src/internal/reflectlite/swapper.go:34:22: PGO devirtualizing .autotmp_4.Elem to rtype.Elem
bazel-out/darwin_arm64-fastbuild-ST-1b266ee57b39/bin/external/io_bazel_rules_go/stdlib_/src/internal/reflectlite/swapper.go:34:31: PGO devirtualizing .autotmp_5.common to rtype.common
bazel-out/darwin_arm64-fastbuild-ST-1b266ee57b39/bin/external/io_bazel_rules_go/stdlib_/src/internal/reflectlite/type.go:408:28: PGO devirtualizing u.common to rtype.common
bazel-out/darwin_arm64-fastbuild-ST-1b266ee57b39/bin/external/io_bazel_rules_go/stdlib_/src/math/rand/rand.go:96:50: PGO devirtualizing r.src.Int63 to (*lockedSource).Int63
bazel-out/darwin_arm64-fastbuild-ST-1b266ee57b39/bin/external/io_bazel_rules_go/stdlib_/src/strings/replace.go:103:24: PGO devirtualizing r.r.WriteString to (*byteStringReplacer).WriteString
bazel-out/darwin_arm64-fastbuild-ST-1b266ee57b39/bin/external/io_bazel_rules_go/stdlib_/src/reflect/type.go:1245:28: PGO devirtualizing u.common to (*rtype).common
bazel-out/darwin_arm64-fastbuild-ST-1b266ee57b39/bin/external/io_bazel_rules_go/stdlib_/src/reflect/type.go:1260:27: PGO devirtualizing u.common to (*rtype).common
bazel-out/darwin_arm64-fastbuild-ST-1b266ee57b39/bin/external/io_bazel_rules_go/stdlib_/src/context/context.go:368:21: PGO devirtualizing parent.Done to (*cancelCtx).Done
bazel-out/darwin_arm64-fastbuild-ST-1b266ee57b39/bin/external/io_bazel_rules_go/stdlib_/src/context/context.go:372:23: PGO devirtualizing parent.Value to (*valueCtx).Value
bazel-out/darwin_arm64-fastbuild-ST-1b266ee57b39/bin/external/io_bazel_rules_go/stdlib_/src/context/context.go:460:21: PGO devirtualizing parent.Done to (*cancelCtx).Done
bazel-out/darwin_arm64-fastbuild-ST-1b266ee57b39/bin/external/io_bazel_rules_go/stdlib_/src/regexp/backtrack.go:260:21: PGO devirtualizing i.context to (*inputString).context
bazel-out/darwin_arm64-fastbuild-ST-1b266ee57b39/bin/external/io_bazel_rules_go/stdlib_/src/regexp/backtrack.go:357:21: PGO devirtualizing i.step to (*inputString).step
bazel-out/darwin_arm64-fastbuild-ST-1b266ee57b39/bin/external/io_bazel_rules_go/stdlib_/src/math/big/intconv.go:199:25: PGO devirtualizing r.ReadByte to strings.(*Reader).ReadByte
bazel-out/darwin_arm64-fastbuild-ST-1b266ee57b39/bin/external/io_bazel_rules_go/stdlib_/src/math/big/natconv.go:219:23: PGO devirtualizing r.ReadByte to strings.(*Reader).ReadByte
bazel-out/darwin_arm64-fastbuild-ST-1b266ee57b39/bin/external/io_bazel_rules_go/stdlib_/src/net/dial.go:277:67: PGO devirtualizing hint.Network to (*UnixAddr).Network
bazel-out/darwin_arm64-fastbuild-ST-1b266ee57b39/bin/external/io_bazel_rules_go/stdlib_/src/crypto/tls/conn.go:264:28: PGO devirtualizing c.explicitNonceLen to (*xorNonceAEAD).explicitNonceLen
bazel-out/darwin_arm64-fastbuild-ST-1b266ee57b39/bin/external/io_bazel_rules_go/stdlib_/src/crypto/tls/conn.go:379:27: PGO devirtualizing c.Open to (*xorNonceAEAD).Open
bazel-out/darwin_arm64-fastbuild-ST-1b266ee57b39/bin/external/io_bazel_rules_go/stdlib_/src/crypto/tls/conn.go:524:38: PGO devirtualizing c.Overhead to (*xorNonceAEAD).Overhead
bazel-out/darwin_arm64-fastbuild-ST-1b266ee57b39/bin/external/io_bazel_rules_go/stdlib_/src/crypto/tls/conn.go:528:19: PGO devirtualizing c.Seal to (*xorNonceAEAD).Seal
bazel-out/darwin_arm64-fastbuild-ST-1b266ee57b39/bin/external/io_bazel_rules_go/stdlib_/src/crypto/tls/conn.go:907:33: PGO devirtualizing ciph.Overhead to (*xorNonceAEAD).Overhead
bazel-out/darwin_arm64-fastbuild-ST-1b266ee57b39/bin/external/io_bazel_rules_go/stdlib_/src/net/http/server.go:2938:19: PGO devirtualizing handler.ServeHTTP to HandlerFunc.ServeHTTP
golang.org/x/net/http2/hpack/external/org_golang_x_net/http2/hpack/encode.go:77:21: PGO devirtualizing e.w.Write to bytes.(*Buffer).Write
golang.org/x/text/secure/precis/external/org_golang_x_text/secure/precis/profile.go:328:62: PGO devirtualizing p.options.disallow.Contains to class.Contains
golang.org/x/net/http2/external/org_golang_x_net/http2/frame.go:1579:33: PGO devirtualizing hc.HeaderBlockFragment to (*HeadersFrame).HeaderBlockFragment
github.com/axiomhq/hyperloglog/external/com_github_axiomhq_hyperloglog/compressed.go:19:23: PGO devirtualizing iter.v.decode to (*compressedList).decode
github.com/axiomhq/hyperloglog/external/com_github_axiomhq_hyperloglog/compressed.go:26:23: PGO devirtualizing iter.v.decode to (*compressedList).decode
golang.org/x/tools/internal/typeparams/external/org_golang_x_tools/internal/typeparams/common.go:122:17: PGO devirtualizing .autotmp_20.Id to types.(*object).Id
github.com/golang/geo/s2/external/com_github_golang_geo/s2/max_distance_targets.go:31:91: PGO devirtualizing other.chordAngle to maxDistance.chordAngle
github.com/golang/geo/s2/external/com_github_golang_geo/s2/max_distance_targets.go:33:54: PGO devirtualizing other.chordAngle to maxDistance.chordAngle
github.com/golang/geo/s2/external/com_github_golang_geo/s2/min_distance_targets.go:30:91: PGO devirtualizing other.chordAngle to minDistance.chordAngle
github.com/golang/geo/s2/external/com_github_golang_geo/s2/min_distance_targets.go:32:54: PGO devirtualizing other.chordAngle to minDistance.chordAngle
github.com/cockroachdb/cockroach/pkg/util/syncutil/mutex_tracing.go:80:42: PGO devirtualizing l.TryLock to (*rTryLocker).TryLock
github.com/apache/arrow/go/v11/parquet/schema/external/com_github_apache_arrow_go_v11/parquet/schema/node.go:129:23: PGO devirtualizing rhs.Name to (*node).Name
github.com/apache/arrow/go/v11/parquet/schema/external/com_github_apache_arrow_go_v11/parquet/schema/node.go:130:43: PGO devirtualizing rhs.RepetitionType to (*node).RepetitionType
github.com/apache/arrow/go/v11/parquet/schema/external/com_github_apache_arrow_go_v11/parquet/schema/node.go:131:41: PGO devirtualizing rhs.ConvertedType to (*node).ConvertedType
github.com/apache/arrow/go/v11/parquet/schema/external/com_github_apache_arrow_go_v11/parquet/schema/node.go:132:29: PGO devirtualizing rhs.FieldID to (*node).FieldID
github.com/apache/arrow/go/v11/parquet/schema/external/com_github_apache_arrow_go_v11/parquet/schema/node.go:133:41: PGO devirtualizing rhs.LogicalType to (*node).LogicalType
github.com/apache/arrow/go/v11/parquet/schema/external/com_github_apache_arrow_go_v11/parquet/schema/reflection.go:687:62: PGO devirtualizing elemNode.Name to (*node).Name
github.com/apache/arrow/go/v11/parquet/schema/external/com_github_apache_arrow_go_v11/parquet/schema/reflection.go:687:92: PGO devirtualizing elemNode.Name to (*node).Name
github.com/apache/arrow/go/v11/arrow/array/external/com_github_apache_arrow_go_v11/arrow/array/binarybuilder.go:268:37: PGO devirtualizing b.offsets.Finish to (*bufferBuilder).Finish
github.com/apache/arrow/go/v11/parquet/internal/encoding/external/com_github_apache_arrow_go_v11/parquet/internal/encoding/delta_length_byte_array.go:88:32: PGO devirtualizing ret.Bytes to memory.(*Buffer).Bytes
github.com/apache/arrow/go/v11/parquet/internal/encoding/external/com_github_apache_arrow_go_v11/parquet/internal/encoding/delta_length_byte_array.go:89:45: PGO devirtualizing data.Bytes to memory.(*Buffer).Bytes
github.com/apache/arrow/go/v11/parquet/internal/encoding/external/com_github_apache_arrow_go_v11/parquet/internal/encoding/delta_byte_array.go:131:35: PGO devirtualizing prefixBuf.Bytes to memory.(*Buffer).Bytes
github.com/apache/arrow/go/v11/parquet/internal/encoding/external/com_github_apache_arrow_go_v11/parquet/internal/encoding/delta_byte_array.go:132:53: PGO devirtualizing suffixBuf.Bytes to memory.(*Buffer).Bytes
google.golang.org/grpc/internal/transport/external/org_golang_google_grpc/internal/transport/controlbuf.go:355:32: PGO devirtualizing it.isTransportResponseFrame to (*headerFrame).isTransportResponseFrame
google.golang.org/grpc/internal/transport/external/org_golang_google_grpc/internal/transport/controlbuf.go:397:33: PGO devirtualizing h.isTransportResponseFrame to (*headerFrame).isTransportResponseFrame
google.golang.org/grpc/internal/transport/external/org_golang_google_grpc/internal/transport/transport.go:495:24: PGO devirtualizing t.reader.Read to (*recvBufferReader).Read
github.com/cockroachdb/pebble/vfs/external/com_github_cockroachdb_pebble/vfs/disk_full.go:256:24: PGO devirtualizing fs.inner.Remove to (*diskHealthCheckingFS).Remove
github.com/cockroachdb/pebble/vfs/external/com_github_cockroachdb_pebble/vfs/disk_full.go:378:24: PGO devirtualizing f.inner.Write to (*diskHealthCheckingFile).Write
github.com/cockroachdb/pebble/vfs/external/com_github_cockroachdb_pebble/vfs/disk_full.go:436:25: PGO devirtualizing f.inner.SyncData to (*diskHealthCheckingFile).SyncData
github.com/cockroachdb/pebble/vfs/external/com_github_cockroachdb_pebble/vfs/syncing_file.go:48:24: PGO devirtualizing f.Fd to (*enospcFile).Fd
github.com/cockroachdb/pebble/vfs/external/com_github_cockroachdb_pebble/vfs/syncing_file.go:111:19: PGO devirtualizing f.File.SyncData to (*enospcFile).SyncData
github.com/cockroachdb/pebble/vfs/external/com_github_cockroachdb_pebble/vfs/syncing_file.go:63:23: PGO devirtualizing f.File.Write to (*enospcFile).Write
google.golang.org/grpc/external/org_golang_google_grpc/picker_wrapper.go:133:28: PGO devirtualizing p.Pick to (*picker).Pick
google.golang.org/grpc/external/org_golang_google_grpc/call.go:70:22: PGO devirtualizing cs.SendMsg to (*clientStream).SendMsg
google.golang.org/grpc/external/org_golang_google_grpc/call.go:73:19: PGO devirtualizing cs.RecvMsg to (*clientStream).RecvMsg
github.com/cockroachdb/cockroach/pkg/sql/inverted/pkg/sql/inverted/expression.go:646:41: PGO devirtualizing right.IsTight to (*SpanExpression).IsTight
github.com/cockroachdb/pebble/record/external/com_github_cockroachdb_pebble/record/log_writer.go:758:22: PGO devirtualizing snap.empty to (*syncQueueSnapshot).empty
github.com/cockroachdb/pebble/record/external/com_github_cockroachdb_pebble/record/log_writer.go:766:34: PGO devirtualizing f.pendingSyncs.pop to (*pendingSyncsWithSyncQueue).pop
github.com/cockroachdb/pebble/record/external/com_github_cockroachdb_pebble/record/log_writer.go:668:40: PGO devirtualizing f.pendingSyncs.snapshotForPop to (*pendingSyncsWithSyncQueue).snapshotForPop
github.com/cockroachdb/pebble/record/external/com_github_cockroachdb_pebble/record/log_writer.go:930:21: PGO devirtualizing ps.syncRequested to (*pendingSyncForSyncQueue).syncRequested
github.com/cockroachdb/pebble/record/external/com_github_cockroachdb_pebble/record/log_writer.go:937:22: PGO devirtualizing f.pendingSyncs.push to (*pendingSyncsWithSyncQueue).push
github.com/cockroachdb/cockroach/pkg/util/cache/cache.go:233:22: PGO devirtualizing bc.store.get to (*UnorderedCache).get
github.com/cockroachdb/cockroach/pkg/util/cache/cache.go:255:22: PGO devirtualizing bc.store.get to (*UnorderedCache).get
github.com/cockroachdb/pebble/sstable/external/com_github_cockroachdb_pebble/sstable/writer.go:1484:61: PGO devirtualizing w.blockPropCollectors[i].FinishDataBlock to (*BlockIntervalCollector).FinishDataBlock
github.com/cockroachdb/pebble/sstable/external/com_github_cockroachdb_pebble/sstable/writer.go:1375:19: PGO devirtualizing w.filter.addKey to (*tableFilterWriter).addKey
github.com/cockroachdb/pebble/sstable/external/com_github_cockroachdb_pebble/sstable/writer.go:996:41: PGO devirtualizing w.blockPropCollectors[i].Add to (*BlockIntervalCollector).Add
github.com/cockroachdb/pebble/external/com_github_cockroachdb_pebble/iterator.go:749:39: PGO devirtualizing i.iter.Next to (*lazyCombinedIter).Next
github.com/cockroachdb/pebble/external/com_github_cockroachdb_pebble/compaction.go:364:32: PGO devirtualizing splitter.shouldSplitBefore to (*userKeyChangeSplitter).shouldSplitBefore
github.com/cockroachdb/pebble/external/com_github_cockroachdb_pebble/iterator.go:2298:41: PGO devirtualizing i.iter.Close to (*mergingIter).Close
github.com/cockroachdb/pebble/external/com_github_cockroachdb_pebble/iterator.go:2310:47: PGO devirtualizing i.pointIter.Close to (*mergingIter).Close
github.com/cockroachdb/pebble/external/com_github_cockroachdb_pebble/db.go:1447:30: PGO devirtualizing mem.flushable.newIter to (*memTable).newIter
github.com/cockroachdb/pebble/external/com_github_cockroachdb_pebble/db.go:1448:38: PGO devirtualizing mem.flushable.newRangeDelIter to (*memTable).newRangeDelIter
github.com/cockroachdb/pebble/external/com_github_cockroachdb_pebble/db.go:1158:38: PGO devirtualizing memtables[i].flushable.containsRangeKeys to (*memTable).containsRangeKeys
github.com/cockroachdb/pebble/external/com_github_cockroachdb_pebble/compaction.go:414:42: PGO devirtualizing u.splitter.shouldSplitBefore to (*fileSizeSplitter).shouldSplitBefore
github.com/cockroachdb/pebble/external/com_github_cockroachdb_pebble/iterator.go:1039:40: PGO devirtualizing i.iter.Prev to (*lazyCombinedIter).Prev
github.com/cockroachdb/pebble/external/com_github_cockroachdb_pebble/iterator.go:2281:22: PGO devirtualizing i.iter.Error to (*lazyCombinedIter).Error
github.com/cockroachdb/pebble/external/com_github_cockroachdb_pebble/iterator.go:1331:41: PGO devirtualizing i.iter.SeekGE to (*lazyCombinedIter).SeekGE
github.com/cockroachdb/pebble/external/com_github_cockroachdb_pebble/iterator.go:1491:46: PGO devirtualizing i.iter.SeekPrefixGE to (*lazyCombinedIter).SeekPrefixGE
github.com/cockroachdb/pebble/external/com_github_cockroachdb_pebble/iterator.go:1844:41: PGO devirtualizing i.iter.Next to (*lazyCombinedIter).Next
github.com/cockroachdb/pebble/external/com_github_cockroachdb_pebble/iterator.go:2458:19: PGO devirtualizing i.iter.SetContext to (*mergingIter).SetContext
github.com/cockroachdb/pebble/external/com_github_cockroachdb_pebble/iterator.go:2554:46: PGO devirtualizing i.pointIter.Close to (*mergingIter).Close
github.com/cockroachdb/pebble/external/com_github_cockroachdb_pebble/iterator.go:2684:25: PGO devirtualizing i.pointIter.SetBounds to (*mergingIter).SetBounds
github.com/cockroachdb/pebble/external/com_github_cockroachdb_pebble/merging_iter.go:1066:48: PGO devirtualizing l.iter.SeekPrefixGE to (*levelIter).SeekPrefixGE
github.com/cockroachdb/pebble/external/com_github_cockroachdb_pebble/merging_iter.go:1068:42: PGO devirtualizing l.iter.SeekGE to (*levelIter).SeekGE
github.com/cockroachdb/pebble/external/com_github_cockroachdb_pebble/merging_iter.go:1071:26: PGO devirtualizing l.iter.Error to (*levelIter).Error
github.com/cockroachdb/pebble/external/com_github_cockroachdb_pebble/merging_iter.go:663:39: PGO devirtualizing l.iter.Next to (*levelIter).Next
github.com/cockroachdb/pebble/external/com_github_cockroachdb_pebble/merging_iter.go:678:25: PGO devirtualizing l.iter.Error to (*levelIter).Error
github.com/cockroachdb/pebble/external/com_github_cockroachdb_pebble/merging_iter.go:880:41: PGO devirtualizing l.iter.Prev to (*levelIter).Prev
github.com/cockroachdb/pebble/external/com_github_cockroachdb_pebble/merging_iter.go:1351:51: PGO devirtualizing m.levels[m.heap.items[0].index].iter.Error to (*levelIter).Error
github.com/cockroachdb/pebble/external/com_github_cockroachdb_pebble/merging_iter.go:1357:23: PGO devirtualizing iter.Close to (*levelIter).Close
github.com/cockroachdb/pebble/external/com_github_cockroachdb_pebble/merging_iter.go:1376:29: PGO devirtualizing m.levels[i].iter.SetBounds to (*levelIter).SetBounds
github.com/cockroachdb/pebble/external/com_github_cockroachdb_pebble/merging_iter.go:1383:30: PGO devirtualizing m.levels[i].iter.SetContext to (*levelIter).SetContext
github.com/cockroachdb/pebble/external/com_github_cockroachdb_pebble/table_cache.go:661:44: PGO devirtualizing cr.NewRawRangeDelIter to sstable.(*Reader).NewRawRangeDelIter
github.com/cockroachdb/pebble/external/com_github_cockroachdb_pebble/table_cache.go:633:62: PGO devirtualizing cr.NewIterWithBlockPropertyFiltersAndContextEtc to sstable.(*Reader).NewIterWithBlockPropertyFiltersAndContextEtc
github.com/cockroachdb/pebble/external/com_github_cockroachdb_pebble/range_keys.go:596:28: PGO devirtualizing i.pointIter.SeekGE to (*mergingIter).SeekGE
github.com/cockroachdb/pebble/external/com_github_cockroachdb_pebble/range_keys.go:609:34: PGO devirtualizing i.pointIter.SeekPrefixGE to (*mergingIter).SeekPrefixGE
github.com/cockroachdb/pebble/external/com_github_cockroachdb_pebble/range_keys.go:655:26: PGO devirtualizing i.pointIter.Next to (*mergingIter).Next
github.com/cockroachdb/pebble/external/com_github_cockroachdb_pebble/range_keys.go:666:32: PGO devirtualizing i.pointIter.NextPrefix to (*mergingIter).NextPrefix
github.com/cockroachdb/pebble/external/com_github_cockroachdb_pebble/range_keys.go:677:26: PGO devirtualizing i.pointIter.Prev to (*mergingIter).Prev
github.com/cockroachdb/pebble/external/com_github_cockroachdb_pebble/range_keys.go:688:26: PGO devirtualizing i.pointIter.Error to (*mergingIter).Error
github.com/cockroachdb/pebble/external/com_github_cockroachdb_pebble/range_keys.go:695:26: PGO devirtualizing i.pointIter.Close to (*mergingIter).Close
github.com/cockroachdb/pebble/external/com_github_cockroachdb_pebble/range_keys.go:711:24: PGO devirtualizing i.pointIter.SetContext to (*mergingIter).SetContext
github.com/cockroachdb/cockroach/pkg/util/log/file_sync_buffer.go:59:27: PGO devirtualizing l.mu.file.Write to (*syncBuffer).Write
github.com/cockroachdb/cockroach/pkg/util/json/json.go:589:42: PGO devirtualizing other.Type to jsonNull.Type
github.com/cockroachdb/cockroach/pkg/util/json/json.go:601:42: PGO devirtualizing other.Type to jsonTrue.Type
github.com/cockroachdb/cockroach/pkg/util/json/json.go:595:42: PGO devirtualizing other.Type to jsonFalse.Type
github.com/cockroachdb/cockroach/pkg/util/json/json.go:619:42: PGO devirtualizing other.Type to jsonNumber.Type
github.com/cockroachdb/cockroach/pkg/util/json/json.go:636:42: PGO devirtualizing other.Type to jsonString.Type
github.com/cockroachdb/cockroach/pkg/util/json/encoded.go:623:45: PGO devirtualizing other.Type to (*jsonEncoded).Type
github.com/cockroachdb/cockroach/pkg/util/json/json.go:664:42: PGO devirtualizing other.Type to jsonArray.Type
github.com/cockroachdb/cockroach/pkg/util/json/json.go:697:42: PGO devirtualizing other.Type to jsonObject.Type
github.com/cockroachdb/cockroach/pkg/util/quotapool/quotapool.go:325:42: PGO devirtualizing r.Acquire to (*intRequest).Acquire
github.com/cockroachdb/cockroach/pkg/util/metric/pkg/util/metric/prometheus_exporter.go:87:31: PGO devirtualizing prom.ToPrometheusMetric to (*Gauge).ToPrometheusMetric
github.com/cockroachdb/cockroach/pkg/kv/kvserver/split/decider.go:253:27: PGO devirtualizing d.mu.splitFinder.Record to (*WeightedFinder).Record
github.com/cockroachdb/cockroach/pkg/col/coldata/batch.go:302:27: PGO devirtualizing v.CanonicalTypeFamily to (*memColumn).CanonicalTypeFamily
github.com/cockroachdb/cockroach/bazel-out/darwin_arm64-fastbuild-ST-d1fe7924175e/bin/pkg/col/coldata/vec.eg.go:97:25: PGO devirtualizing vec.Nulls to (*memColumn).Nulls
github.com/cockroachdb/cockroach/bazel-out/darwin_arm64-fastbuild-ST-d1fe7924175e/bin/pkg/col/coldata/vec.eg.go:107:19: PGO devirtualizing vec.Type to (*memColumn).Type
github.com/cockroachdb/cockroach/bazel-out/darwin_arm64-fastbuild-ST-d1fe7924175e/bin/pkg/col/coldata/vec.eg.go:111:48: PGO devirtualizing vec.Bytes to (*memColumn).Bytes
github.com/cockroachdb/cockroach/bazel-out/darwin_arm64-fastbuild-ST-d1fe7924175e/bin/pkg/col/coldata/vec.eg.go:114:19: PGO devirtualizing vec.Type to (*memColumn).Type
github.com/cockroachdb/cockroach/bazel-out/darwin_arm64-fastbuild-ST-d1fe7924175e/bin/pkg/col/coldata/vec.eg.go:121:19: PGO devirtualizing vec.Type to (*memColumn).Type
github.com/cockroachdb/cockroach/bazel-out/darwin_arm64-fastbuild-ST-d1fe7924175e/bin/pkg/col/coldata/vec.eg.go:570:31: PGO devirtualizing args.Src.Decimal to (*memColumn).Decimal
github.com/cockroachdb/cockroach/pkg/sql/sem/tree/format.go:485:31: PGO devirtualizing d.AmbiguousFormat to (*DInt).AmbiguousFormat
github.com/cockroachdb/cockroach/pkg/sql/sem/tree/hide_constants.go:49:10: PGO devirtualizing n.Format to (*Exprs).Format
github.com/cockroachdb/cockroach/pkg/sql/sem/tree/constant.go:75:27: PGO devirtualizing c.AvailableTypes to (*NumVal).AvailableTypes
github.com/cockroachdb/cockroach/pkg/sql/sem/tree/constant.go:79:27: PGO devirtualizing c.ResolveAsType to (*NumVal).ResolveAsType
github.com/cockroachdb/cockroach/pkg/sql/sem/tree/constant.go:111:27: PGO devirtualizing c.AvailableTypes to (*NumVal).AvailableTypes
github.com/cockroachdb/cockroach/pkg/sql/sem/tree/datum.go:6193:18: PGO devirtualizing first.Compare to (*DInt).Compare
github.com/cockroachdb/cockroach/pkg/sql/sem/tree/eval.go:252:28: PGO devirtualizing .autotmp_4.MatchAt to ParamTypes.MatchAt
github.com/cockroachdb/cockroach/pkg/sql/sem/tree/eval.go:252:57: PGO devirtualizing .autotmp_5.MatchAt to ParamTypes.MatchAt
github.com/cockroachdb/cockroach/pkg/sql/sem/tree/eval.go:1392:28: PGO devirtualizing .autotmp_4.MatchAt to ParamTypes.MatchAt
github.com/cockroachdb/cockroach/pkg/sql/sem/tree/eval.go:1392:57: PGO devirtualizing .autotmp_5.MatchAt to ParamTypes.MatchAt
github.com/cockroachdb/cockroach/pkg/sql/sem/tree/expr.go:1114:57: PGO devirtualizing (<node DYNAMICDOTTYPE>).ResolvedType to (*DDecimal).ResolvedType
github.com/cockroachdb/cockroach/pkg/sql/sem/tree/expr.go:1114:96: PGO devirtualizing (<node DYNAMICDOTTYPE>).ResolvedType to (*DDecimal).ResolvedType
github.com/cockroachdb/cockroach/pkg/sql/sem/tree/walk.go:834:32: PGO devirtualizing v.VisitPre to (*IndexedVarHelper).VisitPre
github.com/cockroachdb/cockroach/pkg/sql/sem/tree/walk.go:837:25: PGO devirtualizing newExpr.Walk to (*CaseExpr).Walk
github.com/cockroachdb/cockroach/pkg/sql/sem/tree/type_check.go:2193:34: PGO devirtualizing expr.TypeCheck to (*ComparisonExpr).TypeCheck
github.com/cockroachdb/cockroach/pkg/sql/sem/tree/type_check.go:2774:40: PGO devirtualizing exprs[i].TypeCheck to (*FuncExpr).TypeCheck
github.com/cockroachdb/cockroach/pkg/sql/sem/tree/stmt.go:152:29: PGO devirtualizing stmt.StatementReturnType to (*Insert).StatementReturnType
github.com/cockroachdb/cockroach/pkg/sql/sem/tree/stmt.go:152:60: PGO devirtualizing stmt.StatementType to (*Select).StatementType
github.com/cockroachdb/cockroach/pkg/sql/sem/tree/stmt.go:1218:100: PGO devirtualizing n.Returning.statementReturnType to (*NoReturningClause).statementReturnType
github.com/cockroachdb/cockroach/pkg/sql/sem/tree/stmt.go:2105:100: PGO devirtualizing n.Returning.statementReturnType to (*ReturningExprs).statementReturnType
github.com/cockroachdb/cockroach/pkg/sql/sem/tree/type_check.go:339:23: PGO devirtualizing expr.TypeCheck to (*CaseExpr).TypeCheck
github.com/cockroachdb/cockroach/pkg/sql/sem/tree/type_check.go:960:49: PGO devirtualizing leftTyped.ResolvedType to (*Tuple).ResolvedType
github.com/cockroachdb/cockroach/pkg/sql/sem/tree/type_check.go:960:76: PGO devirtualizing rightTyped.ResolvedType to (*Tuple).ResolvedType
github.com/cockroachdb/cockroach/pkg/kv/kvpb/bazel-out/darwin_arm64-fastbuild-ST-f6ec59922f8f/bin/pkg/kv/kvpb/kvpb_go_proto_/github.com/cockroachdb/cockroach/pkg/kv/kvpb/api.pb.go:16639:24: PGO devirtualizing m.Value.Size to (*RequestUnion_Get).Size
github.com/cockroachdb/cockroach/pkg/kv/kvpb/bazel-out/darwin_arm64-fastbuild-ST-f6ec59922f8f/bin/pkg/kv/kvpb/kvpb_go_proto_/github.com/cockroachdb/cockroach/pkg/kv/kvpb/api.pb.go:16641:34: PGO devirtualizing m.Value.MarshalTo to (*RequestUnion_EndTxn).MarshalTo
github.com/cockroachdb/cockroach/pkg/kv/kvpb/bazel-out/darwin_arm64-fastbuild-ST-f6ec59922f8f/bin/pkg/kv/kvpb/kvpb_go_proto_/github.com/cockroachdb/cockroach/pkg/kv/kvpb/api.pb.go:22853:20: PGO devirtualizing m.Value.Size to (*RequestUnion_Get).Size
github.com/cockroachdb/cockroach/pkg/kv/kvpb/bazel-out/darwin_arm64-fastbuild-ST-f6ec59922f8f/bin/pkg/kv/kvpb/kvpb_go_proto_/github.com/cockroachdb/cockroach/pkg/kv/kvpb/api.pb.go:17749:24: PGO devirtualizing m.Value.Size to (*ResponseUnion_Get).Size
github.com/cockroachdb/cockroach/pkg/kv/kvpb/bazel-out/darwin_arm64-fastbuild-ST-f6ec59922f8f/bin/pkg/kv/kvpb/kvpb_go_proto_/github.com/cockroachdb/cockroach/pkg/kv/kvpb/api.pb.go:17751:34: PGO devirtualizing m.Value.MarshalTo to (*ResponseUnion_EndTxn).MarshalTo
github.com/cockroachdb/cockroach/pkg/kv/kvpb/bazel-out/darwin_arm64-fastbuild-ST-f6ec59922f8f/bin/pkg/kv/kvpb/kvpb_go_proto_/github.com/cockroachdb/cockroach/pkg/kv/kvpb/api.pb.go:23441:20: PGO devirtualizing m.Value.Size to (*ResponseUnion_Get).Size
github.com/cockroachdb/cockroach/pkg/kv/kvpb/pkg/kv/kvpb/api.go:99:21: PGO devirtualizing args.flags to (*GetRequest).flags
github.com/cockroachdb/cockroach/pkg/kv/kvpb/pkg/kv/kvpb/api.go:106:20: PGO devirtualizing args.flags to (*GetRequest).flags
github.com/cockroachdb/cockroach/pkg/kv/kvpb/pkg/kv/kvpb/api.go:112:20: PGO devirtualizing args.flags to (*GetRequest).flags
github.com/cockroachdb/cockroach/pkg/kv/kvpb/pkg/kv/kvpb/api.go:133:20: PGO devirtualizing args.flags to (*GetRequest).flags
github.com/cockroachdb/cockroach/pkg/kv/kvpb/pkg/kv/kvpb/api.go:148:20: PGO devirtualizing args.flags to (*GetRequest).flags
github.com/cockroachdb/cockroach/pkg/kv/kvpb/pkg/kv/kvpb/api.go:161:20: PGO devirtualizing args.flags to (*GetRequest).flags
github.com/cockroachdb/cockroach/pkg/kv/kvpb/pkg/kv/kvpb/api.go:167:20: PGO devirtualizing args.flags to (*GetRequest).flags
github.com/cockroachdb/cockroach/pkg/kv/kvpb/pkg/kv/kvpb/api.go:180:20: PGO devirtualizing args.flags to (*GetRequest).flags
github.com/cockroachdb/cockroach/pkg/kv/kvpb/pkg/kv/kvpb/batch.go:417:29: PGO devirtualizing .autotmp_4.flags to (*GetRequest).flags
github.com/cockroachdb/cockroach/pkg/kv/kvpb/pkg/kv/kvpb/batch.go:431:29: PGO devirtualizing .autotmp_4.flags to (*GetRequest).flags
github.com/cockroachdb/cockroach/pkg/kv/kvpb/pkg/kv/kvpb/batch.go:231:65: PGO devirtualizing .autotmp_3.Method to (*GetRequest).Method
github.com/cockroachdb/cockroach/pkg/kv/kvpb/pkg/kv/kvpb/batch.go:445:58: PGO devirtualizing req.Method to (*EndTxnRequest).Method
github.com/cockroachdb/cockroach/pkg/kv/kvpb/pkg/kv/kvpb/batch.go:760:23: PGO devirtualizing args.flags to (*GetRequest).flags
github.com/cockroachdb/cockroach/pkg/kv/kvpb/pkg/kv/kvpb/batch.go:761:25: PGO devirtualizing args.Method to (*GetRequest).Method
yaccpar:119: PGO devirtualizing lex.Lex to (*lexer).Lex
github.com/cockroachdb/cockroach/pkg/util/admission/io_load_listener.go:576:72: PGO devirtualizing io.kvGranter.setAvailableTokens to (*kvStoreTokenGranter).setAvailableTokens
github.com/cockroachdb/cockroach/pkg/util/admission/grant_coordinator.go:925:42: PGO devirtualizing granter.requesterHasWaitingRequests to (*tokenGranter).requesterHasWaitingRequests
github.com/cockroachdb/cockroach/pkg/util/admission/grant_coordinator.go:744:34: PGO devirtualizing coord.mu.cpuLoadListener.CPULoad to (*kvSlotAdjuster).CPULoad
github.com/cockroachdb/cockroach/pkg/util/admission/grant_coordinator.go:780:46: PGO devirtualizing coord.granters[workKind].tryGetLocked to (*slotGranter).tryGetLocked
github.com/cockroachdb/cockroach/pkg/util/admission/grant_coordinator.go:806:44: PGO devirtualizing coord.granters[workKind].returnGrantLocked to (*slotGranter).returnGrantLocked
github.com/cockroachdb/cockroach/pkg/util/admission/grant_coordinator.go:830:54: PGO devirtualizing coord.granters[workKind].tookWithoutPermissionLocked to (*slotGranter).tookWithoutPermissionLocked
github.com/cockroachdb/cockroach/pkg/util/admission/granter.go:135:40: PGO devirtualizing sg.requester.hasWaitingRequests to (*WorkQueue).hasWaitingRequests
github.com/cockroachdb/cockroach/pkg/util/admission/granter.go:216:57: PGO devirtualizing tg.cpuOverload.isOverloaded to (*kvSlotAdjuster).isOverloaded
github.com/cockroachdb/cockroach/pkg/util/admission/granter.go:256:40: PGO devirtualizing tg.requester.hasWaitingRequests to (*WorkQueue).hasWaitingRequests
github.com/cockroachdb/cockroach/pkg/util/admission/granter.go:491:47: PGO devirtualizing sg.regularRequester.hasWaitingRequests to (*WorkQueue).hasWaitingRequests
github.com/cockroachdb/cockroach/pkg/util/admission/granter.go:491:91: PGO devirtualizing sg.elasticRequester.hasWaitingRequests to (*WorkQueue).hasWaitingRequests
github.com/cockroachdb/cockroach/pkg/util/admission/scheduler_latency_listener.go:109:64: PGO devirtualizing e.elasticCPULimiter.getUtilizationLimit to (*elasticCPUGranter).getUtilizationLimit
github.com/cockroachdb/cockroach/pkg/util/admission/work_queue.go:634:34: PGO devirtualizing q.granter.tookWithoutPermission to (*kvStoreTokenChildGranter).tookWithoutPermission
github.com/cockroachdb/cockroach/pkg/util/admission/work_queue.go:651:22: PGO devirtualizing q.granter.tryGet to (*slotGranter).tryGet
github.com/cockroachdb/cockroach/pkg/util/admission/work_queue.go:871:23: PGO devirtualizing q.granter.returnGrant to (*slotGranter).returnGrant
github.com/cockroachdb/cockroach/pkg/util/admission/work_queue.go:2109:60: PGO devirtualizing q.granters[h.workClass].storeWriteDone to (*kvStoreTokenChildGranter).storeWriteDone
github.com/cockroachdb/cockroach/pkg/util/admission/work_queue.go:2121:82: PGO devirtualizing q.granters[admissionpb.RegularWorkClass].storeWriteDone to (*kvStoreTokenChildGranter).storeWriteDone
github.com/cockroachdb/cockroach/pkg/sql/sqlstats/insights/pkg/sql/sqlstats/insights/detector.go:38:15: PGO devirtualizing d.enabled to (*latencyThresholdDetector).enabled
github.com/cockroachdb/cockroach/pkg/sql/sqlstats/insights/pkg/sql/sqlstats/insights/detector.go:50:20: PGO devirtualizing d.isSlow to (*latencyThresholdDetector).isSlow
github.com/cockroachdb/cockroach/pkg/sql/sqlstats/insights/pkg/sql/sqlstats/insights/registry.go:197:27: PGO devirtualizing r.detector.enabled to (*compositeDetector).enabled
github.com/cockroachdb/cockroach/pkg/sql/sqlstats/insights/pkg/sql/sqlstats/insights/registry.go:117:53: PGO devirtualizing r.detector.isSlow to (*compositeDetector).isSlow
github.com/cockroachdb/cockroach/pkg/kv/kvserver/intentresolver/intent_resolver.go:1100:29: PGO devirtualizing intents.Len to (*txnLockUpdates).Len
github.com/cockroachdb/cockroach/pkg/kv/kvserver/intentresolver/intent_resolver.go:1101:26: PGO devirtualizing intents.Index to (*txnLockUpdates).Index
github.com/cockroachdb/cockroach/pkg/kv/kvserver/intentresolver/intent_resolver.go:1015:16: PGO devirtualizing intents.Len to (*txnLockUpdates).Len
github.com/cockroachdb/cockroach/pkg/sql/syntheticprivilege/global_privilege.go:79:33: PGO devirtualizing otherObject.ID to (*GlobalPrivilege).ID
github.com/cockroachdb/cockroach/pkg/sql/contention/txnidcache/txn_id_cache.go:174:17: PGO devirtualizing t.writer.Record to (*writer).Record
github.com/cockroachdb/cockroach/pkg/rpc/bazel-out/darwin_arm64-fastbuild-ST-f6ec59922f8f/bin/pkg/rpc/rpc_go_proto_/github.com/cockroachdb/cockroach/pkg/rpc/heartbeat.pb.go:445:36: PGO devirtualizing srv.(HeartbeatServer).Ping to (*HeartbeatService).Ping
github.com/cockroachdb/cockroach/pkg/rpc/pkg/rpc/context.go:1833:26: PGO devirtualizing c.Codec.Unmarshal to codec.Unmarshal
github.com/cockroachdb/cockroach/pkg/sql/catalog/nstree/tree.go:49:26: PGO devirtualizing (<node DYNAMICDOTTYPE>).value to (*byNameItem).value
github.com/cockroachdb/cockroach/pkg/sql/catalog/nstree/tree.go:65:27: PGO devirtualizing .autotmp_1.put to (*byNameItem).put
github.com/cockroachdb/cockroach/pkg/sql/catalog/nstree/tree.go:71:25: PGO devirtualizing (<node DYNAMICDOTTYPE>).value to (*byIDItem).value
github.com/cockroachdb/cockroach/pkg/sql/colexec/colexecspan/span_assembler.go:177:43: PGO devirtualizing sa.spanEncoders[i].next to (*spanEncoderInt64Asc).next
github.com/cockroachdb/cockroach/pkg/kv/kvclient/kvcoord/dist_sender.go:2905:27: PGO devirtualizing transport.IsExhausted to (*grpcTransport).IsExhausted
github.com/cockroachdb/cockroach/pkg/kv/kvclient/kvcoord/dist_sender.go:2909:76: PGO devirtualizing transport.NextReplica to (*grpcTransport).NextReplica
github.com/cockroachdb/cockroach/pkg/kv/kvclient/kvcoord/dist_sender.go:2454:31: PGO devirtualizing transport.SendNext to (*grpcTransport).SendNext
github.com/cockroachdb/cockroach/pkg/kv/kvclient/kvcoord/txn_coord_sender.go:342:21: PGO devirtualizing reqInt.setWrapped to (*txnMetricRecorder).setWrapped
github.com/cockroachdb/cockroach/pkg/kv/kvclient/kvcoord/txn_coord_sender.go:796:21: PGO devirtualizing reqInt.closeLocked to (*txnMetricRecorder).closeLocked
github.com/cockroachdb/cockroach/pkg/kv/kvclient/kvcoord/txn_coord_sender.go:535:47: PGO devirtualizing tc.interceptorStack[0].SendLocked to (*txnHeartbeater).SendLocked
github.com/cockroachdb/cockroach/pkg/kv/kvclient/kvcoord/txn_coord_sender.go:1341:32: PGO devirtualizing reqInt.populateLeafInputState to (*txnSpanRefresher).populateLeafInputState
github.com/cockroachdb/cockroach/pkg/kv/kvclient/kvcoord/txn_coord_sender.go:1423:37: PGO devirtualizing reqInt.importLeafFinalState to (*txnSpanRefresher).importLeafFinalState
github.com/cockroachdb/cockroach/pkg/kv/kvclient/kvcoord/txn_interceptor_committer.go:537:25: PGO devirtualizing s.SendLocked to (*txnSpanRefresher).SendLocked
github.com/cockroachdb/cockroach/pkg/kv/kvclient/kvcoord/txn_interceptor_committer.go:149:31: PGO devirtualizing tc.wrapped.SendLocked to (*txnSpanRefresher).SendLocked
github.com/cockroachdb/cockroach/pkg/kv/kvclient/kvcoord/txn_interceptor_committer.go:195:35: PGO devirtualizing tc.wrapped.SendLocked to (*txnSpanRefresher).SendLocked
github.com/cockroachdb/cockroach/pkg/kv/kvclient/kvcoord/txn_interceptor_heartbeater.go:246:34: PGO devirtualizing h.wrapped.SendLocked to (*txnSeqNumAllocator).SendLocked
github.com/cockroachdb/cockroach/pkg/kv/kvclient/kvcoord/txn_interceptor_metric_recorder.go:46:34: PGO devirtualizing m.wrapped.SendLocked to (*txnLockGatekeeper).SendLocked
github.com/cockroachdb/cockroach/pkg/kv/kvclient/kvcoord/txn_interceptor_pipeliner.go:295:35: PGO devirtualizing tp.wrapped.SendLocked to (*txnCommitter).SendLocked
github.com/cockroachdb/cockroach/pkg/kv/kvclient/kvcoord/txn_interceptor_seq_num_allocator.go:114:29: PGO devirtualizing s.wrapped.SendLocked to (*txnPipeliner).SendLocked
github.com/cockroachdb/cockroach/pkg/kv/kvclient/kvcoord/txn_interceptor_span_refresher.go:239:35: PGO devirtualizing sr.wrapped.SendLocked to (*txnMetricRecorder).SendLocked
github.com/cockroachdb/cockroach/pkg/kv/kvclient/kvcoord/txn_lock_gatekeeper.go:80:14: PGO devirtualizing gs.mu.Unlock to sync.(*Mutex).Unlock
github.com/cockroachdb/cockroach/pkg/kv/kvclient/kvcoord/txn_lock_gatekeeper.go:82:24: PGO devirtualizing gs.wrapped.Send to (*DistSender).Send
github.com/cockroachdb/cockroach/pkg/sql/catalog/tabledesc/mutation.go:217:38: PGO devirtualizing tbl.TableDesc to (*wrapper).TableDesc
github.com/cockroachdb/cockroach/pkg/sql/execinfrapb/bazel-out/darwin_arm64-fastbuild-ST-f6ec59922f8f/bin/pkg/sql/execinfrapb/execinfrapb_go_proto_/github.com/cockroachdb/cockroach/pkg/sql/execinfrapb/data.pb.go:2456:34: PGO devirtualizing m.Value.MarshalTo to (*RemoteProducerMetadata_LeafTxnFinalState).MarshalTo
github.com/cockroachdb/cockroach/pkg/kv/kvclient/kvstreamer/streamer.go:1714:23: PGO devirtualizing s.results.addLocked to (*outOfOrderResultsBuffer).addLocked
github.com/cockroachdb/cockroach/pkg/kv/kvclient/kvstreamer/streamer.go:786:45: PGO devirtualizing s.results.get to (*outOfOrderResultsBuffer).get
github.com/cockroachdb/cockroach/pkg/kv/kvclient/kvstreamer/streamer.go:816:18: PGO devirtualizing s.results.close to (*outOfOrderResultsBuffer).close
github.com/cockroachdb/cockroach/pkg/storage/pebble_mvcc_scanner.go:1636:33: PGO devirtualizing p.parent.Valid to (*pebbleIterator).Valid
github.com/cockroachdb/cockroach/pkg/storage/pebble_mvcc_scanner.go:1499:46: PGO devirtualizing p.parent.RangeKeyChanged to (*pebbleIterator).RangeKeyChanged
github.com/cockroachdb/cockroach/pkg/storage/pebble_mvcc_scanner.go:1505:50: PGO devirtualizing p.parent.HasPointAndRange to (*pebbleIterator).HasPointAndRange
github.com/cockroachdb/cockroach/pkg/storage/pebble_mvcc_scanner.go:1575:41: PGO devirtualizing p.parent.UnsafeRawMVCCKey to (*intentInterleavingIter).UnsafeRawMVCCKey
github.com/cockroachdb/cockroach/pkg/storage/pebble_mvcc_scanner.go:1583:42: PGO devirtualizing p.parent.UnsafeLazyValue to (*intentInterleavingIter).UnsafeLazyValue
github.com/cockroachdb/cockroach/pkg/storage/pebble_mvcc_scanner.go:1650:17: PGO devirtualizing p.parent.SeekGE to (*intentInterleavingIter).SeekGE
github.com/cockroachdb/cockroach/pkg/storage/pebble_mvcc_scanner.go:1702:15: PGO devirtualizing p.parent.Next to (*intentInterleavingIter).Next
github.com/cockroachdb/cockroach/pkg/storage/pebble_mvcc_scanner.go:1085:18: PGO devirtualizing p.parent.NextKey to (*intentInterleavingIter).NextKey
github.com/cockroachdb/cockroach/pkg/storage/pebble_mvcc_scanner.go:1243:54: PGO devirtualizing p.results.sizeInfo to (*pebbleResults).sizeInfo
github.com/cockroachdb/cockroach/pkg/storage/pebble_mvcc_scanner.go:1296:25: PGO devirtualizing p.results.put to (*pebbleResults).put
github.com/cockroachdb/cockroach/pkg/storage/mvcc.go:1306:32: PGO devirtualizing reader.NewMVCCIterator to (*pebbleReadOnly).NewMVCCIterator
github.com/cockroachdb/cockroach/pkg/storage/mvcc.go:1317:31: PGO devirtualizing reader.NewMVCCIterator to (*pebbleReadOnly).NewMVCCIterator
github.com/cockroachdb/cockroach/pkg/storage/mvcc.go:4342:29: PGO devirtualizing iter.Stats to (*pebbleIterator).Stats
github.com/cockroachdb/cockroach/pkg/storage/lock_table_iterator.go:134:39: PGO devirtualizing reader.NewEngineIterator to (*pebbleReadOnly).NewEngineIterator
github.com/cockroachdb/cockroach/pkg/storage/lock_table_iterator.go:385:14: PGO devirtualizing i.iter.Close to (*pebbleIterator).Close
github.com/cockroachdb/cockroach/pkg/storage/lock_table_iterator.go:265:43: PGO devirtualizing i.iter.UnsafeEngineKey to (*pebbleIterator).UnsafeEngineKey
github.com/cockroachdb/cockroach/pkg/storage/lock_table_iterator.go:154:37: PGO devirtualizing i.iter.SeekEngineKeyGE to (*pebbleIterator).SeekEngineKeyGE
github.com/cockroachdb/cockroach/pkg/storage/lock_table_iterator.go:419:25: PGO devirtualizing i.iter.EngineKey to (*pebbleIterator).EngineKey
github.com/cockroachdb/cockroach/pkg/storage/lock_table_iterator.go:469:30: PGO devirtualizing i.iter.UnsafeValue to (*pebbleIterator).UnsafeValue
github.com/cockroachdb/cockroach/pkg/storage/lock_table_iterator.go:177:35: PGO devirtualizing i.iter.NextEngineKey to (*pebbleIterator).NextEngineKey
github.com/cockroachdb/cockroach/pkg/storage/intent_interleaving_iter.go:334:42: PGO devirtualizing reader.NewMVCCIterator to (*pebbleReadOnly).NewMVCCIterator
github.com/cockroachdb/cockroach/pkg/storage/lock_table_iterator.go:205:46: PGO devirtualizing i.iter.SeekEngineKeyGEWithLimit to (*pebbleIterator).SeekEngineKeyGEWithLimit
github.com/cockroachdb/cockroach/pkg/storage/lock_table_iterator.go:414:31: PGO devirtualizing i.iter.UnsafeEngineKey to (*pebbleIterator).UnsafeEngineKey
github.com/cockroachdb/cockroach/pkg/storage/lock_table_iterator.go:236:44: PGO devirtualizing i.iter.NextEngineKeyWithLimit to (*pebbleIterator).NextEngineKeyWithLimit
github.com/cockroachdb/cockroach/pkg/storage/lock_table_iterator.go:250:44: PGO devirtualizing i.iter.PrevEngineKeyWithLimit to (*pebbleIterator).PrevEngineKeyWithLimit
github.com/cockroachdb/cockroach/pkg/storage/pebble_iterator.go:858:28: PGO devirtualizing iter.UnsafeKey to (*intentInterleavingIter).UnsafeKey
github.com/cockroachdb/cockroach/pkg/storage/pebble_iterator.go:899:35: PGO devirtualizing iter.ValueLen to (*intentInterleavingIter).ValueLen
github.com/cockroachdb/cockroach/pkg/storage/lock_table_iterator.go:483:21: PGO devirtualizing i.iter.Stats to (*pebbleIterator).Stats
github.com/cockroachdb/cockroach/pkg/storage/pebble_mvcc_scanner.go:558:17: PGO devirtualizing p.parent.SeekGE to (*pebbleIterator).SeekGE
github.com/cockroachdb/cockroach/pkg/storage/mvcc.go:1639:13: PGO devirtualizing iter.SeekGE to (*pebbleIterator).SeekGE
github.com/cockroachdb/cockroach/pkg/storage/mvcc.go:1640:25: PGO devirtualizing iter.Valid to (*pebbleIterator).Valid
github.com/cockroachdb/cockroach/pkg/storage/mvcc.go:1643:29: PGO devirtualizing iter.UnsafeKey to (*pebbleIterator).UnsafeKey
github.com/cockroachdb/cockroach/pkg/storage/mvcc.go:1689:63: PGO devirtualizing iter.MVCCValueLenAndIsTombstone to (*pebbleIterator).MVCCValueLenAndIsTombstone
github.com/cockroachdb/cockroach/pkg/storage/mvcc.go:1783:33: PGO devirtualizing writer.PutUnversioned to (*writeBatch).PutUnversioned
github.com/cockroachdb/cockroach/pkg/storage/mvcc.go:1817:30: PGO devirtualizing writer.PutEngineKey to (*writeBatch).PutEngineKey
github.com/cockroachdb/cockroach/pkg/storage/mvcc.go:2719:26: PGO devirtualizing writer.PutMVCC to (*writeBatch).PutMVCC
github.com/cockroachdb/cockroach/pkg/storage/mvcc.go:1854:36: PGO devirtualizing writer.SingleClearEngineKey to (*writeBatch).SingleClearEngineKey
github.com/cockroachdb/cockroach/pkg/storage/mvcc.go:5054:35: PGO devirtualizing rw.NewMVCCIterator to (*pebbleBatch).NewMVCCIterator
github.com/cockroachdb/cockroach/pkg/storage/mvcc.go:6131:33: PGO devirtualizing rw.NewMVCCIterator to (*pebbleBatch).NewMVCCIterator
github.com/cockroachdb/cockroach/pkg/storage/mvcc.go:7098:19: PGO devirtualizing iter.Next to (*intentInterleavingIter).Next
github.com/cockroachdb/cockroach/pkg/storage/mvcc.go:7107:26: PGO devirtualizing iter.RangeKeyChanged to (*intentInterleavingIter).RangeKeyChanged
github.com/cockroachdb/cockroach/pkg/storage/mvcc.go:7147:30: PGO devirtualizing iter.UnsafeKey to (*intentInterleavingIter).UnsafeKey
github.com/cockroachdb/cockroach/pkg/storage/mvcc.go:7152:30: PGO devirtualizing iter.UnsafeValue to (*intentInterleavingIter).UnsafeValue
github.com/cockroachdb/cockroach/pkg/storage/mvcc.go:7215:73: PGO devirtualizing iter.MVCCValueLenAndIsTombstone to (*intentInterleavingIter).MVCCValueLenAndIsTombstone
github.com/cockroachdb/cockroach/pkg/storage/mvcc.go:7220:28: PGO devirtualizing iter.ValueLen to (*intentInterleavingIter).ValueLen
github.com/cockroachdb/cockroach/pkg/storage/pebble_batch.go:346:49: PGO devirtualizing wb.batchStatsReporter.aggregateBatchCommitStats to (*Pebble).aggregateBatchCommitStats
github.com/cockroachdb/cockroach/pkg/storage/pebble_batch.go:386:49: PGO devirtualizing wb.batchStatsReporter.aggregateBatchCommitStats to (*Pebble).aggregateBatchCommitStats
github.com/cockroachdb/cockroach/pkg/sql/rowcontainer/row_container.go:480:24: PGO devirtualizing f.src.AddRow to (*MemRowContainer).AddRow
github.com/cockroachdb/cockroach/pkg/sql/rowcontainer/row_container.go:563:26: PGO devirtualizing f.src.NewIterator to (*MemRowContainer).NewIterator
github.com/cockroachdb/cockroach/pkg/kv/kvserver/logstore/sync_waiter.go:98:12: PGO devirtualizing w.cb.run to (*nonBlockingSyncWaiterCallback).run
github.com/cockroachdb/cockroach/bazel-out/darwin_arm64-fastbuild-ST-d1fe7924175e/bin/pkg/sql/opt/exec/explain/explain_factory.og.go:34:48: PGO devirtualizing f.wrappedFactory.ConstructScan to (*PlanGistFactory).ConstructScan
github.com/cockroachdb/cockroach/pkg/kv/kvserver/concurrency/concurrency_manager.go:288:34: PGO devirtualizing m.lm.AcquireOptimistic to (*latchManagerImpl).AcquireOptimistic
github.com/cockroachdb/cockroach/pkg/kv/kvserver/concurrency/concurrency_manager.go:294:29: PGO devirtualizing m.lm.Acquire to (*latchManagerImpl).Acquire
github.com/cockroachdb/cockroach/pkg/kv/kvserver/concurrency/concurrency_manager.go:338:36: PGO devirtualizing m.lt.ScanAndEnqueue to (*lockTableImpl).ScanAndEnqueue
github.com/cockroachdb/cockroach/pkg/kv/kvserver/concurrency/concurrency_manager.go:347:22: PGO devirtualizing g.ltg.ShouldWait to (*lockTableGuardImpl).ShouldWait
github.com/cockroachdb/cockroach/pkg/kv/kvserver/concurrency/concurrency_manager.go:451:15: PGO devirtualizing m.lm.Release to (*latchManagerImpl).Release
github.com/cockroachdb/cockroach/pkg/kv/kvserver/concurrency/concurrency_manager.go:454:15: PGO devirtualizing m.lt.Dequeue to (*lockTableImpl).Dequeue
github.com/cockroachdb/cockroach/pkg/kv/kvserver/concurrency/concurrency_manager.go:538:28: PGO devirtualizing m.lt.AcquireLock to (*lockTableImpl).AcquireLock
github.com/cockroachdb/cockroach/pkg/kv/kvserver/concurrency/concurrency_manager.go:553:28: PGO devirtualizing m.lt.UpdateLocks to (*lockTableImpl).UpdateLocks
github.com/cockroachdb/cockroach/pkg/kv/kvserver/concurrency/concurrency_manager.go:776:42: PGO devirtualizing g.ltg.CheckOptimisticNoConflicts to (*lockTableGuardImpl).CheckOptimisticNoConflicts
github.com/cockroachdb/cockroach/pkg/sql/colexec/colexecutils/bool_vec_to_sel.go:62:24: PGO devirtualizing p.OneInputHelper.OneInputNode.Input.Next to (*selBoolOp).Next
github.com/cockroachdb/cockroach/pkg/sql/colexec/colexecbase/fn_op.go:32:23: PGO devirtualizing f.OneInputHelper.OneInputNode.Input.Next to (*simpleProjectOp).Next
github.com/cockroachdb/cockroach/pkg/sql/colexec/colexecbase/simple_project.go:124:23: PGO devirtualizing d.OneInputInitCloserHelper.OneInputCloserHelper.OneInputNode.Input.Next to (*castOpNullAny).Next
github.com/cockroachdb/cockroach/pkg/sql/colexec/colexecagg/aggregate_funcs.go:574:30: PGO devirtualizing alloc.newAggFunc to (*sumDecimalOrderedAggAlloc).newAggFunc
github.com/cockroachdb/cockroach/pkg/sql/sqlstats/ssmemstorage/ss_mem_storage.go:636:39: PGO devirtualizing other.IterateStatementStats to (*Container).IterateStatementStats
github.com/cockroachdb/cockroach/pkg/sql/sqlstats/ssmemstorage/ss_mem_storage.go:687:41: PGO devirtualizing other.IterateTransactionStats to (*Container).IterateTransactionStats
github.com/cockroachdb/cockroach/pkg/sql/catalog/lease/lease.go:969:60: PGO devirtualizing desc.Underlying to (*descriptorVersionState).Underlying
github.com/cockroachdb/cockroach/pkg/kv/kvserver/pkg/kv/kvserver/flow_control_replica.go:120:57: PGO devirtualizing rf.store.raftTransportForFlowControl.isConnectedTo to (*RaftTransport).isConnectedTo
github.com/cockroachdb/cockroach/pkg/kv/kvserver/pkg/kv/kvserver/flow_control_replica_integration.go:377:54: PGO devirtualizing f.replicaForFlowControl.getReplicaID to (*replicaFlowControl).getReplicaID
github.com/cockroachdb/cockroach/pkg/kv/kvserver/pkg/kv/kvserver/flow_control_replica_integration.go:307:63: PGO devirtualizing f.replicaForFlowControl.getPausedFollowers to (*replicaFlowControl).getPausedFollowers
github.com/cockroachdb/cockroach/pkg/kv/kvserver/pkg/kv/kvserver/flow_control_replica_integration.go:308:63: PGO devirtualizing f.replicaForFlowControl.getBehindFollowers to (*replicaFlowControl).getBehindFollowers
github.com/cockroachdb/cockroach/pkg/kv/kvserver/pkg/kv/kvserver/flow_control_replica_integration.go:309:67: PGO devirtualizing f.replicaForFlowControl.getInactiveFollowers to (*replicaFlowControl).getInactiveFollowers
github.com/cockroachdb/cockroach/pkg/kv/kvserver/pkg/kv/kvserver/flow_control_replica_integration.go:310:75: PGO devirtualizing f.replicaForFlowControl.getDisconnectedFollowers to (*replicaFlowControl).getDisconnectedFollowers
github.com/cockroachdb/cockroach/pkg/kv/kvserver/pkg/kv/kvserver/flow_control_replica_integration.go:408:69: PGO devirtualizing f.replicaForFlowControl.getAppliedLogPosition to (*replicaFlowControl).getAppliedLogPosition
github.com/cockroachdb/cockroach/pkg/kv/kvserver/pkg/kv/kvserver/flow_control_replica_integration.go:252:38: PGO devirtualizing f.replicaForFlowControl.assertLocked to (*replicaFlowControl).assertLocked
github.com/cockroachdb/cockroach/pkg/kv/kvserver/pkg/kv/kvserver/flow_control_replica_integration.go:281:38: PGO devirtualizing f.replicaForFlowControl.assertLocked to (*replicaFlowControl).assertLocked
github.com/cockroachdb/cockroach/pkg/kv/kvserver/pkg/kv/kvserver/flow_control_stores.go:124:53: PGO devirtualizing repl.mu.replicaFlowControlIntegration.handle to (*replicaFlowControlIntegrationImpl).handle
github.com/cockroachdb/cockroach/pkg/kv/kvserver/pkg/kv/kvserver/replica_proposal_buf.go:1199:13: PGO devirtualizing b.p.rlocker to (*replicaProposer).rlocker
github.com/cockroachdb/cockroach/pkg/kv/kvserver/pkg/kv/kvserver/replica_proposal_buf.go:1006:23: PGO devirtualizing raftGroup.Step to raft.(*RawNode).Step
github.com/cockroachdb/cockroach/pkg/kv/kvserver/pkg/kv/kvserver/replica_proposal_buf.go:1034:49: PGO devirtualizing p.flowControlHandle to (*replicaProposer).flowControlHandle
github.com/cockroachdb/cockroach/pkg/kv/kvserver/pkg/kv/kvserver/replica_proposal_buf.go:457:45: PGO devirtualizing b.p.closedTimestampTarget to (*replicaProposer).closedTimestampTarget
github.com/cockroachdb/cockroach/pkg/kv/kvserver/pkg/kv/kvserver/replica_proposal_buf.go:478:29: PGO devirtualizing b.p.registerProposalLocked to (*replicaProposer).registerProposalLocked
github.com/cockroachdb/cockroach/pkg/kv/kvserver/pkg/kv/kvserver/replica_proposal_buf.go:333:29: PGO devirtualizing b.p.destroyed to (*replicaProposer).destroyed
github.com/cockroachdb/cockroach/pkg/kv/kvserver/pkg/kv/kvserver/replica_proposal_buf.go:262:19: PGO devirtualizing b.p.rlocker to (*replicaProposer).rlocker
github.com/cockroachdb/cockroach/pkg/kv/kvserver/pkg/kv/kvserver/queue.go:1059:33: PGO devirtualizing repl.CurrentLeaseStatus to (*Replica).CurrentLeaseStatus
github.com/cockroachdb/cockroach/pkg/kv/kvserver/pkg/kv/kvserver/raft_transport.go:100:23: PGO devirtualizing s.wrapped.Recv to (*multiRaftRaftMessageBatchServer).Recv
github.com/cockroachdb/cockroach/pkg/kv/kvserver/pkg/kv/kvserver/raft_transport.go:459:49: PGO devirtualizing incomingMessageHandler.HandleRaftRequest to (*Store).HandleRaftRequest
github.com/cockroachdb/cockroach/pkg/kv/kvserver/pkg/kv/kvserver/raft_transport.go:807:25: PGO devirtualizing stream.Send to (*multiRaftRaftMessageBatchClient).Send
github.com/cockroachdb/cockroach/pkg/kv/kvserver/pkg/kv/kvserver/raft_transport.go:930:47: PGO devirtualizing outgoingMessageHandler.HandleRaftRequestSent to (*Store).HandleRaftRequestSent
github.com/cockroachdb/cockroach/pkg/kv/kvserver/pkg/kv/kvserver/replica_proposal_buf.go:1432:61: PGO devirtualizing rp.mu.replicaFlowControlIntegration.handle to (*replicaFlowControlIntegrationImpl).handle
github.com/cockroachdb/cockroach/pkg/kv/kvserver/pkg/kv/kvserver/replica_proposal_quota.go:268:49: PGO devirtualizing r.mu.replicaFlowControlIntegration.onRaftTicked to (*replicaFlowControlIntegrationImpl).onRaftTicked
github.com/cockroachdb/cockroach/pkg/kv/kvserver/pkg/kv/kvserver/replica_raft_quiesce.go:296:27: PGO devirtualizing q.isRaftLeaderRLocked to (*Replica).isRaftLeaderRLocked
github.com/cockroachdb/cockroach/pkg/kv/kvserver/pkg/kv/kvserver/replica_raft_quiesce.go:302:45: PGO devirtualizing q.ticksSinceLastProposalRLocked to (*Replica).ticksSinceLastProposalRLocked
github.com/cockroachdb/cockroach/pkg/kv/kvserver/pkg/kv/kvserver/replica_raft_quiesce.go:315:33: PGO devirtualizing q.hasPendingProposalsRLocked to (*Replica).hasPendingProposalsRLocked
github.com/cockroachdb/cockroach/pkg/kv/kvserver/pkg/kv/kvserver/replica_raft_quiesce.go:389:37: PGO devirtualizing q.raftLastIndexRLocked to (*Replica).raftLastIndexRLocked
github.com/cockroachdb/cockroach/pkg/kv/kvserver/pkg/kv/kvserver/replica_raft_quiesce.go:523:36: PGO devirtualizing q.raftBasicStatusRLocked to (*Replica).raftBasicStatusRLocked
github.com/cockroachdb/cockroach/pkg/kv/kvserver/pkg/kv/kvserver/scheduler.go:399:36: PGO devirtualizing processor.processRequestQueue to (*Store).processRequestQueue
github.com/cockroachdb/cockroach/pkg/kv/kvserver/pkg/kv/kvserver/scheduler.go:412:29: PGO devirtualizing processor.processTick to (*Store).processTick
github.com/cockroachdb/cockroach/pkg/kv/kvserver/pkg/kv/kvserver/scheduler.go:418:26: PGO devirtualizing processor.processReady to (*Store).processReady
github.com/cockroachdb/cockroach/pkg/kv/kvserver/pkg/kv/kvserver/store_replica_btree.go:288:42: PGO devirtualizing (<node DYNAMICDOTTYPE>).key to rangeBTreeKey.key
github.com/cockroachdb/cockroach/pkg/kv/kvserver/pkg/kv/kvserver/store_replica_btree.go:298:42: PGO devirtualizing (<node DYNAMICDOTTYPE>).key to (*btreeReplica).key
github.com/cockroachdb/cockroach/pkg/sql/row/kv_fetcher.go:343:40: PGO devirtualizing f.KVBatchFetcher.SetupNextFetch to (*txnKVFetcher).SetupNextFetch
github.com/cockroachdb/cockroach/pkg/sql/row/inserter.go:101:7: PGO devirtualizing b.Put to (*KVBatchAdapter).Put
github.com/cockroachdb/cockroach/pkg/sql/opt/memo/constraint_builder.go:252:13: PGO devirtualizing elem.Op to (*TupleExpr).Op
github.com/cockroachdb/cockroach/pkg/sql/opt/memo/constraint_builder.go:578:17: PGO devirtualizing e.ChildCount to (*InExpr).ChildCount
github.com/cockroachdb/cockroach/pkg/sql/opt/memo/constraint_builder.go:582:27: PGO devirtualizing e.Child to (*EqExpr).Child
github.com/cockroachdb/cockroach/pkg/sql/opt/memo/constraint_builder.go:582:39: PGO devirtualizing e.Child to (*EqExpr).Child
github.com/cockroachdb/cockroach/pkg/sql/opt/memo/constraint_builder.go:598:52: PGO devirtualizing e.Op to (*EqExpr).Op
github.com/cockroachdb/cockroach/pkg/sql/opt/memo/expr.go:287:63: PGO devirtualizing e.Input.ProvidedPhysical to (*ValuesExpr).ProvidedPhysical
github.com/cockroachdb/cockroach/bazel-out/darwin_arm64-fastbuild-ST-d1fe7924175e/bin/pkg/sql/opt/memo/expr.og.go:1812:19: PGO devirtualizing e.grp.memo to (*scanGroup).memo
github.com/cockroachdb/cockroach/pkg/sql/opt/memo/multiplicity_builder.go:80:29: PGO devirtualizing in.Relational to (*WithScanExpr).Relational
github.com/cockroachdb/cockroach/pkg/sql/opt/memo/expr.go:1238:33: PGO devirtualizing t.Child to (*PlusExpr).Child
github.com/cockroachdb/cockroach/pkg/sql/opt/memo/logical_props_builder.go:2885:30: PGO devirtualizing e.ChildCount to (*ConstExpr).ChildCount
github.com/cockroachdb/cockroach/pkg/sql/opt/memo/logical_props_builder.go:2886:71: PGO devirtualizing e.Child to (*CaseExpr).Child
github.com/cockroachdb/cockroach/pkg/sql/opt/memo/expr.go:1062:36: PGO devirtualizing prj.Input.Relational to (*SelectExpr).Relational
github.com/cockroachdb/cockroach/bazel-out/darwin_arm64-fastbuild-ST-d1fe7924175e/bin/pkg/sql/opt/memo/expr.og.go:2270:25: PGO devirtualizing e.grp.relational to (*valuesGroup).relational
github.com/cockroachdb/cockroach/pkg/sql/opt/memo/extract.go:347:36: PGO devirtualizing condition.Child to (*EqExpr).Child
github.com/cockroachdb/cockroach/pkg/sql/opt/memo/extract.go:348:38: PGO devirtualizing condition.Child to (*EqExpr).Child
github.com/cockroachdb/cockroach/pkg/sql/opt/memo/insert_fastpath.go:60:20: PGO devirtualizing rel.Relational to (*PlaceholderScanExpr).Relational
github.com/cockroachdb/cockroach/pkg/sql/opt/memo/insert_fastpath.go:65:15: PGO devirtualizing rel.Op to (*UpsertExpr).Op
github.com/cockroachdb/cockroach/pkg/sql/opt/memo/insert_fastpath.go:70:20: PGO devirtualizing rel.Child to (*UpsertExpr).Child
github.com/cockroachdb/cockroach/pkg/sql/opt/memo/insert_fastpath.go:70:44: PGO devirtualizing .autotmp_2.Relational to (*ValuesExpr).Relational
github.com/cockroachdb/cockroach/bazel-out/darwin_arm64-fastbuild-ST-d1fe7924175e/bin/pkg/sql/opt/memo/expr.og.go:3919:19: PGO devirtualizing e.grp.memo to (*antiJoinGroup).memo
github.com/cockroachdb/cockroach/pkg/sql/opt/memo/statistics_builder.go:299:29: PGO devirtualizing e.ChildCount to (*ProjectExpr).ChildCount
github.com/cockroachdb/cockroach/pkg/sql/opt/memo/statistics_builder.go:301:45: PGO devirtualizing child.Relational to (*ScanExpr).Relational
github.com/cockroachdb/cockroach/pkg/sql/opt/memo/statistics_builder.go:4613:20: PGO devirtualizing eq.Left.Op to (*VariableExpr).Op
github.com/cockroachdb/cockroach/pkg/sql/opt/memo/statistics_builder.go:4613:55: PGO devirtualizing eq.Right.Op to (*VariableExpr).Op
github.com/cockroachdb/cockroach/bazel-out/darwin_arm64-fastbuild-ST-d1fe7924175e/bin/pkg/sql/opt/memo/expr.og.go:1816:25: PGO devirtualizing e.grp.relational to (*scanGroup).relational
github.com/cockroachdb/cockroach/bazel-out/darwin_arm64-fastbuild-ST-d1fe7924175e/bin/pkg/sql/opt/memo/expr.og.go:2534:25: PGO devirtualizing e.grp.relational to (*selectGroup).relational
github.com/cockroachdb/cockroach/bazel-out/darwin_arm64-fastbuild-ST-d1fe7924175e/bin/pkg/sql/opt/memo/expr.og.go:2676:25: PGO devirtualizing e.grp.relational to (*projectGroup).relational
github.com/cockroachdb/cockroach/bazel-out/darwin_arm64-fastbuild-ST-d1fe7924175e/bin/pkg/sql/opt/memo/expr.og.go:8366:25: PGO devirtualizing e.grp.relational to (*withScanGroup).relational
github.com/cockroachdb/cockroach/pkg/sql/opt/memo/statistics_builder.go:259:18: PGO devirtualizing e.Child to (*InnerJoinExpr).Child
github.com/cockroachdb/cockroach/pkg/sql/opt/memo/statistics_builder.go:260:32: PGO devirtualizing child.Relational to (*WithScanExpr).Relational
github.com/cockroachdb/cockroach/pkg/sql/opt/memo/statistics_builder.go:411:29: PGO devirtualizing e.Relational to (*ScanExpr).Relational
github.com/cockroachdb/cockroach/pkg/sql/opt/memo/statistics_builder.go:416:17: PGO devirtualizing e.FirstExpr to (*ScanExpr).FirstExpr
github.com/cockroachdb/cockroach/pkg/sql/opt/memo/statistics_builder.go:420:13: PGO devirtualizing e.Op to (*ProjectExpr).Op
github.com/cockroachdb/cockroach/pkg/sql/opt/memo/statistics_builder.go:275:16: PGO devirtualizing e.Child to (*MergeJoinExpr).Child
github.com/cockroachdb/cockroach/pkg/sql/opt/memo/statistics_builder.go:275:47: PGO devirtualizing .autotmp_4.Relational to (*ScanExpr).Relational
github.com/cockroachdb/cockroach/pkg/sql/opt/memo/statistics_builder.go:345:23: PGO devirtualizing e.Child to (*AntiJoinExpr).Child
github.com/cockroachdb/cockroach/pkg/sql/opt/memo/statistics_builder.go:345:47: PGO devirtualizing .autotmp_14.Relational to (*WithScanExpr).Relational
github.com/cockroachdb/cockroach/pkg/sql/opt/memo/statistics_builder.go:357:29: PGO devirtualizing e.Child to (*AntiJoinExpr).Child
github.com/cockroachdb/cockroach/pkg/sql/opt/memo/statistics_builder.go:357:53: PGO devirtualizing .autotmp_17.Relational to (*ScanExpr).Relational
github.com/cockroachdb/cockroach/pkg/sql/opt/memo/statistics_builder.go:3236:33: PGO devirtualizing filter.Condition.Op to (*EqExpr).Op
github.com/cockroachdb/cockroach/pkg/sql/opt/memo/logical_props_builder.go:1690:18: PGO devirtualizing e.Child to (*AssignmentCastExpr).Child
github.com/cockroachdb/cockroach/pkg/sql/opt/memo/logical_props_builder.go:1690:47: PGO devirtualizing .autotmp_18.DataType to (*VariableExpr).DataType
github.com/cockroachdb/cockroach/pkg/sql/opt/memo/logical_props_builder.go:1711:52: PGO devirtualizing .autotmp_33.DataType to (*VariableExpr).DataType
github.com/cockroachdb/cockroach/pkg/sql/opt/memo/logical_props_builder.go:1713:46: PGO devirtualizing e.Op to (*IsNotExpr).Op
github.com/cockroachdb/cockroach/pkg/sql/opt/memo/logical_props_builder.go:1722:24: PGO devirtualizing e.Child to (*PlusExpr).Child
github.com/cockroachdb/cockroach/pkg/sql/opt/memo/logical_props_builder.go:1737:29: PGO devirtualizing e.ChildCount to (*ValuesExpr).ChildCount
github.com/cockroachdb/cockroach/pkg/sql/opt/memo/logical_props_builder.go:1738:19: PGO devirtualizing e.Child to (*ScalarListExpr).Child
github.com/cockroachdb/cockroach/pkg/sql/opt/memo/logical_props_builder.go:1744:26: PGO devirtualizing t.Relational to (*WithScanExpr).Relational
github.com/cockroachdb/cockroach/pkg/sql/opt/memo/logical_props_builder.go:1746:27: PGO devirtualizing t.ScalarProps to (*ProjectionsItem).ScalarProps
github.com/cockroachdb/cockroach/pkg/sql/opt/memo/logical_props_builder.go:1769:28: PGO devirtualizing e.Child to (*ScalarListExpr).Child
github.com/cockroachdb/cockroach/pkg/sql/opt/memo/statistics_builder.go:1031:93: PGO devirtualizing sel.Input.Relational to (*ScanExpr).Relational
github.com/cockroachdb/cockroach/pkg/sql/opt/memo/statistics_builder.go:1069:36: PGO devirtualizing prj.Input.Relational to (*SelectExpr).Relational
github.com/cockroachdb/cockroach/pkg/sql/opt/memo/logical_props_builder.go:297:36: PGO devirtualizing prj.Input.Relational to (*SelectExpr).Relational
github.com/cockroachdb/cockroach/pkg/sql/opt/memo/logical_props_builder.go:2414:27: PGO devirtualizing join.Child to (*AntiJoinExpr).Child
github.com/cockroachdb/cockroach/pkg/sql/opt/memo/logical_props_builder.go:2415:52: PGO devirtualizing .autotmp_29.Relational to (*ScanExpr).Relational
github.com/cockroachdb/cockroach/pkg/sql/opt/memo/logical_props_builder.go:2561:19: PGO devirtualizing h.join.Memo to (*InnerJoinExpr).Memo
github.com/cockroachdb/cockroach/pkg/sql/opt/memo/statistics_builder.go:1340:12: PGO devirtualizing join.Op to (*LookupJoinExpr).Op
github.com/cockroachdb/cockroach/pkg/sql/opt/memo/statistics_builder.go:2124:33: PGO devirtualizing values.Len to (*ValuesExpr).Len
github.com/cockroachdb/cockroach/pkg/sql/opt/memo/logical_props_builder.go:818:27: PGO devirtualizing values.Len to (*ValuesExpr).Len
github.com/cockroachdb/cockroach/pkg/sql/opt/memo/logical_props_builder.go:823:33: PGO devirtualizing values.ColList to (*ValuesExpr).ColList
github.com/cockroachdb/cockroach/pkg/sql/opt/memo/logical_props_builder.go:1436:29: PGO devirtualizing mutation.Private to (*UpsertExpr).Private
github.com/cockroachdb/cockroach/pkg/sql/opt/memo/logical_props_builder.go:1616:34: PGO devirtualizing item.Element.DataType to (*CastExpr).DataType
github.com/cockroachdb/cockroach/pkg/sql/opt/memo/memo.go:465:35: PGO devirtualizing rel.RequiredPhysical to (*PlaceholderScanExpr).RequiredPhysical
github.com/cockroachdb/cockroach/pkg/sql/opt/memo/memo.go:432:23: PGO devirtualizing e.RequiredPhysical to (*ValuesExpr).RequiredPhysical
github.com/cockroachdb/cockroach/pkg/sql/opt/memo/memo.go:448:19: PGO devirtualizing e.bestProps to (*ValuesExpr).bestProps
github.com/cockroachdb/cockroach/bazel-out/darwin_arm64-fastbuild-ST-d1fe7924175e/bin/pkg/sql/opt/memo/expr.og.go:2962:24: PGO devirtualizing e.grp.firstExpr to (*innerJoinGroup).firstExpr
github.com/cockroachdb/cockroach/pkg/sql/opt/memo/statistics_builder.go:2963:22: PGO devirtualizing e.Memo to (*LookupJoinExpr).Memo
github.com/cockroachdb/cockroach/pkg/sql/opt/memo/memo.go:534:35: PGO devirtualizing parent.ChildCount to (*NullExpr).ChildCount
github.com/cockroachdb/cockroach/pkg/sql/opt/memo/memo.go:535:25: PGO devirtualizing parent.Child to (*ScalarListExpr).Child
github.com/cockroachdb/cockroach/pkg/sql/opt/memo/memo.go:541:16: PGO devirtualizing t.Relational to (*WithScanExpr).Relational
github.com/cockroachdb/cockroach/pkg/sql/opt/memo/typing.go:28:9: PGO devirtualizing e.Op to (*CaseExpr).Op
github.com/cockroachdb/cockroach/pkg/sql/opt/memo/typing.go:307:18: PGO devirtualizing e.Private to (*PlaceholderExpr).Private
github.com/cockroachdb/cockroach/pkg/sql/opt/memo/typing.go:381:37: PGO devirtualizing (<node DYNAMICDOTTYPE>).Value.DataType to (*ConstExpr).DataType
github.com/cockroachdb/cockroach/pkg/sql/opt/memo/typing.go:320:51: PGO devirtualizing .autotmp_5.DataType to (*VariableExpr).DataType
github.com/cockroachdb/cockroach/bazel-out/darwin_arm64-fastbuild-ST-d1fe7924175e/bin/pkg/sql/opt/memo/expr.og.go:332:27: PGO devirtualizing e.Input.Relational to (*ScanExpr).Relational
github.com/cockroachdb/cockroach/bazel-out/darwin_arm64-fastbuild-ST-d1fe7924175e/bin/pkg/sql/opt/memo/expr.og.go:422:27: PGO devirtualizing e.Input.Relational to (*UpsertExpr).Relational
github.com/cockroachdb/cockroach/bazel-out/darwin_arm64-fastbuild-ST-d1fe7924175e/bin/pkg/sql/opt/memo/expr.og.go:557:24: PGO devirtualizing e.grp.bestProps to (*insertGroup).bestProps
github.com/cockroachdb/cockroach/bazel-out/darwin_arm64-fastbuild-ST-d1fe7924175e/bin/pkg/sql/opt/memo/expr.og.go:565:24: PGO devirtualizing e.grp.bestProps to (*insertGroup).bestProps
github.com/cockroachdb/cockroach/bazel-out/darwin_arm64-fastbuild-ST-d1fe7924175e/bin/pkg/sql/opt/memo/expr.og.go:842:24: PGO devirtualizing e.grp.firstExpr to (*updateGroup).firstExpr
github.com/cockroachdb/cockroach/bazel-out/darwin_arm64-fastbuild-ST-d1fe7924175e/bin/pkg/sql/opt/memo/expr.og.go:866:24: PGO devirtualizing e.grp.bestProps to (*updateGroup).bestProps
github.com/cockroachdb/cockroach/bazel-out/darwin_arm64-fastbuild-ST-d1fe7924175e/bin/pkg/sql/opt/memo/expr.og.go:983:19: PGO devirtualizing e.grp.memo to (*upsertGroup).memo
github.com/cockroachdb/cockroach/bazel-out/darwin_arm64-fastbuild-ST-d1fe7924175e/bin/pkg/sql/opt/memo/expr.og.go:987:25: PGO devirtualizing e.grp.relational to (*upsertGroup).relational
github.com/cockroachdb/cockroach/bazel-out/darwin_arm64-fastbuild-ST-d1fe7924175e/bin/pkg/sql/opt/memo/expr.og.go:991:24: PGO devirtualizing e.grp.firstExpr to (*upsertGroup).firstExpr
github.com/cockroachdb/cockroach/bazel-out/darwin_arm64-fastbuild-ST-d1fe7924175e/bin/pkg/sql/opt/memo/expr.og.go:999:24: PGO devirtualizing e.grp.bestProps to (*upsertGroup).bestProps
github.com/cockroachdb/cockroach/bazel-out/darwin_arm64-fastbuild-ST-d1fe7924175e/bin/pkg/sql/opt/memo/expr.og.go:1007:24: PGO devirtualizing e.grp.bestProps to (*upsertGroup).bestProps
github.com/cockroachdb/cockroach/bazel-out/darwin_arm64-fastbuild-ST-d1fe7924175e/bin/pkg/sql/opt/memo/expr.og.go:1015:24: PGO devirtualizing e.grp.bestProps to (*upsertGroup).bestProps
github.com/cockroachdb/cockroach/bazel-out/darwin_arm64-fastbuild-ST-d1fe7924175e/bin/pkg/sql/opt/memo/expr.og.go:1820:24: PGO devirtualizing e.grp.firstExpr to (*scanGroup).firstExpr
github.com/cockroachdb/cockroach/bazel-out/darwin_arm64-fastbuild-ST-d1fe7924175e/bin/pkg/sql/opt/memo/expr.og.go:1828:24: PGO devirtualizing e.grp.bestProps to (*limitGroup).bestProps
github.com/cockroachdb/cockroach/bazel-out/darwin_arm64-fastbuild-ST-d1fe7924175e/bin/pkg/sql/opt/memo/expr.og.go:1858:22: PGO devirtualizing member.group to (*ScanExpr).group
github.com/cockroachdb/cockroach/bazel-out/darwin_arm64-fastbuild-ST-d1fe7924175e/bin/pkg/sql/opt/memo/expr.og.go:1859:33: PGO devirtualizing .autotmp_2.setNext to (*SelectExpr).setNext
github.com/cockroachdb/cockroach/bazel-out/darwin_arm64-fastbuild-ST-d1fe7924175e/bin/pkg/sql/opt/memo/expr.og.go:2017:25: PGO devirtualizing e.grp.relational to (*selectGroup).relational
github.com/cockroachdb/cockroach/bazel-out/darwin_arm64-fastbuild-ST-d1fe7924175e/bin/pkg/sql/opt/memo/expr.og.go:2029:24: PGO devirtualizing e.grp.bestProps to (*selectGroup).bestProps
github.com/cockroachdb/cockroach/bazel-out/darwin_arm64-fastbuild-ST-d1fe7924175e/bin/pkg/sql/opt/memo/expr.og.go:2033:24: PGO devirtualizing e.grp.bestProps to (*selectGroup).bestProps
github.com/cockroachdb/cockroach/bazel-out/darwin_arm64-fastbuild-ST-d1fe7924175e/bin/pkg/sql/opt/memo/expr.og.go:2037:24: PGO devirtualizing e.grp.bestProps to (*selectGroup).bestProps
github.com/cockroachdb/cockroach/bazel-out/darwin_arm64-fastbuild-ST-d1fe7924175e/bin/pkg/sql/opt/memo/expr.og.go:2274:24: PGO devirtualizing e.grp.firstExpr to (*valuesGroup).firstExpr
github.com/cockroachdb/cockroach/bazel-out/darwin_arm64-fastbuild-ST-d1fe7924175e/bin/pkg/sql/opt/memo/expr.og.go:2282:24: PGO devirtualizing e.grp.bestProps to (*valuesGroup).bestProps
github.com/cockroachdb/cockroach/bazel-out/darwin_arm64-fastbuild-ST-d1fe7924175e/bin/pkg/sql/opt/memo/expr.og.go:2298:24: PGO devirtualizing e.grp.bestProps to (*valuesGroup).bestProps
github.com/cockroachdb/cockroach/bazel-out/darwin_arm64-fastbuild-ST-d1fe7924175e/bin/pkg/sql/opt/memo/expr.og.go:2538:24: PGO devirtualizing e.grp.firstExpr to (*selectGroup).firstExpr
github.com/cockroachdb/cockroach/bazel-out/darwin_arm64-fastbuild-ST-d1fe7924175e/bin/pkg/sql/opt/memo/expr.og.go:2550:24: PGO devirtualizing e.grp.bestProps to (*selectGroup).bestProps
github.com/cockroachdb/cockroach/bazel-out/darwin_arm64-fastbuild-ST-d1fe7924175e/bin/pkg/sql/opt/memo/expr.og.go:2680:24: PGO devirtualizing e.grp.firstExpr to (*projectGroup).firstExpr
github.com/cockroachdb/cockroach/bazel-out/darwin_arm64-fastbuild-ST-d1fe7924175e/bin/pkg/sql/opt/memo/expr.og.go:2688:24: PGO devirtualizing e.grp.bestProps to (*projectGroup).bestProps
github.com/cockroachdb/cockroach/bazel-out/darwin_arm64-fastbuild-ST-d1fe7924175e/bin/pkg/sql/opt/memo/expr.og.go:2692:24: PGO devirtualizing e.grp.bestProps to (*projectGroup).bestProps
github.com/cockroachdb/cockroach/bazel-out/darwin_arm64-fastbuild-ST-d1fe7924175e/bin/pkg/sql/opt/memo/expr.og.go:2954:19: PGO devirtualizing e.grp.memo to (*innerJoinGroup).memo
github.com/cockroachdb/cockroach/bazel-out/darwin_arm64-fastbuild-ST-d1fe7924175e/bin/pkg/sql/opt/memo/expr.og.go:3630:24: PGO devirtualizing e.grp.firstExpr to (*antiJoinGroup).firstExpr
github.com/cockroachdb/cockroach/bazel-out/darwin_arm64-fastbuild-ST-d1fe7924175e/bin/pkg/sql/opt/memo/expr.og.go:3923:25: PGO devirtualizing e.grp.relational to (*antiJoinGroup).relational
github.com/cockroachdb/cockroach/bazel-out/darwin_arm64-fastbuild-ST-d1fe7924175e/bin/pkg/sql/opt/memo/expr.og.go:4404:19: PGO devirtualizing e.grp.memo to (*antiJoinGroup).memo
github.com/cockroachdb/cockroach/bazel-out/darwin_arm64-fastbuild-ST-d1fe7924175e/bin/pkg/sql/opt/memo/expr.og.go:4451:33: PGO devirtualizing .autotmp_2.setNext to (*AntiJoinExpr).setNext
github.com/cockroachdb/cockroach/bazel-out/darwin_arm64-fastbuild-ST-d1fe7924175e/bin/pkg/sql/opt/memo/expr.og.go:5492:24: PGO devirtualizing e.grp.bestProps to (*scalarGroupByGroup).bestProps
github.com/cockroachdb/cockroach/bazel-out/darwin_arm64-fastbuild-ST-d1fe7924175e/bin/pkg/sql/opt/memo/expr.og.go:7258:24: PGO devirtualizing e.grp.firstExpr to (*limitGroup).firstExpr
github.com/cockroachdb/cockroach/bazel-out/darwin_arm64-fastbuild-ST-d1fe7924175e/bin/pkg/sql/opt/memo/expr.og.go:8370:24: PGO devirtualizing e.grp.firstExpr to (*withScanGroup).firstExpr
github.com/cockroachdb/cockroach/bazel-out/darwin_arm64-fastbuild-ST-d1fe7924175e/bin/pkg/sql/opt/memo/expr.og.go:25412:41: PGO devirtualizing grp.group to (*NormCycleTestRelExpr).group
github.com/cockroachdb/cockroach/bazel-out/darwin_arm64-fastbuild-ST-d1fe7924175e/bin/pkg/sql/opt/memo/expr.og.go:25426:41: PGO devirtualizing grp.group to (*MemoCycleTestRelExpr).group
github.com/cockroachdb/cockroach/bazel-out/darwin_arm64-fastbuild-ST-d1fe7924175e/bin/pkg/sql/opt/memo/expr.og.go:25440:41: PGO devirtualizing grp.group to (*InsertExpr).group
github.com/cockroachdb/cockroach/bazel-out/darwin_arm64-fastbuild-ST-d1fe7924175e/bin/pkg/sql/opt/memo/expr.og.go:25454:41: PGO devirtualizing grp.group to (*UpdateExpr).group
github.com/cockroachdb/cockroach/bazel-out/darwin_arm64-fastbuild-ST-d1fe7924175e/bin/pkg/sql/opt/memo/expr.og.go:25468:41: PGO devirtualizing grp.group to (*UpsertExpr).group
github.com/cockroachdb/cockroach/bazel-out/darwin_arm64-fastbuild-ST-d1fe7924175e/bin/pkg/sql/opt/memo/expr.og.go:25482:41: PGO devirtualizing grp.group to (*DeleteExpr).group
github.com/cockroachdb/cockroach/bazel-out/darwin_arm64-fastbuild-ST-d1fe7924175e/bin/pkg/sql/opt/memo/expr.og.go:25496:41: PGO devirtualizing grp.group to (*LockExpr).group
github.com/cockroachdb/cockroach/bazel-out/darwin_arm64-fastbuild-ST-d1fe7924175e/bin/pkg/sql/opt/memo/expr.og.go:25510:41: PGO devirtualizing grp.group to (*ScanExpr).group
github.com/cockroachdb/cockroach/bazel-out/darwin_arm64-fastbuild-ST-d1fe7924175e/bin/pkg/sql/opt/memo/expr.og.go:25524:41: PGO devirtualizing grp.group to (*PlaceholderScanExpr).group
github.com/cockroachdb/cockroach/bazel-out/darwin_arm64-fastbuild-ST-d1fe7924175e/bin/pkg/sql/opt/memo/expr.og.go:25538:41: PGO devirtualizing grp.group to (*SequenceSelectExpr).group
github.com/cockroachdb/cockroach/bazel-out/darwin_arm64-fastbuild-ST-d1fe7924175e/bin/pkg/sql/opt/memo/expr.og.go:25552:41: PGO devirtualizing grp.group to (*ValuesExpr).group
github.com/cockroachdb/cockroach/bazel-out/darwin_arm64-fastbuild-ST-d1fe7924175e/bin/pkg/sql/opt/memo/expr.og.go:25566:41: PGO devirtualizing grp.group to (*LiteralValuesExpr).group
github.com/cockroachdb/cockroach/bazel-out/darwin_arm64-fastbuild-ST-d1fe7924175e/bin/pkg/sql/opt/memo/expr.og.go:25580:41: PGO devirtualizing grp.group to (*SelectExpr).group
github.com/cockroachdb/cockroach/bazel-out/darwin_arm64-fastbuild-ST-d1fe7924175e/bin/pkg/sql/opt/memo/expr.og.go:25595:41: PGO devirtualizing grp.group to (*ProjectExpr).group
github.com/cockroachdb/cockroach/bazel-out/darwin_arm64-fastbuild-ST-d1fe7924175e/bin/pkg/sql/opt/memo/expr.og.go:25609:41: PGO devirtualizing grp.group to (*InvertedFilterExpr).group
github.com/cockroachdb/cockroach/bazel-out/darwin_arm64-fastbuild-ST-d1fe7924175e/bin/pkg/sql/opt/memo/expr.og.go:25624:41: PGO devirtualizing grp.group to (*InnerJoinExpr).group
github.com/cockroachdb/cockroach/bazel-out/darwin_arm64-fastbuild-ST-d1fe7924175e/bin/pkg/sql/opt/memo/expr.og.go:25639:41: PGO devirtualizing grp.group to (*LeftJoinExpr).group
github.com/cockroachdb/cockroach/bazel-out/darwin_arm64-fastbuild-ST-d1fe7924175e/bin/pkg/sql/opt/memo/expr.og.go:25653:41: PGO devirtualizing grp.group to (*RightJoinExpr).group
github.com/cockroachdb/cockroach/bazel-out/darwin_arm64-fastbuild-ST-d1fe7924175e/bin/pkg/sql/opt/memo/expr.og.go:25668:41: PGO devirtualizing grp.group to (*FullJoinExpr).group
github.com/cockroachdb/cockroach/bazel-out/darwin_arm64-fastbuild-ST-d1fe7924175e/bin/pkg/sql/opt/memo/expr.og.go:25683:41: PGO devirtualizing grp.group to (*SemiJoinExpr).group
github.com/cockroachdb/cockroach/bazel-out/darwin_arm64-fastbuild-ST-d1fe7924175e/bin/pkg/sql/opt/memo/expr.og.go:25697:41: PGO devirtualizing grp.group to (*AntiJoinExpr).group
github.com/cockroachdb/cockroach/bazel-out/darwin_arm64-fastbuild-ST-d1fe7924175e/bin/pkg/sql/opt/memo/expr.og.go:25711:41: PGO devirtualizing grp.group to (*IndexJoinExpr).group
github.com/cockroachdb/cockroach/bazel-out/darwin_arm64-fastbuild-ST-d1fe7924175e/bin/pkg/sql/opt/memo/expr.og.go:25726:41: PGO devirtualizing grp.group to (*LookupJoinExpr).group
github.com/cockroachdb/cockroach/bazel-out/darwin_arm64-fastbuild-ST-d1fe7924175e/bin/pkg/sql/opt/memo/expr.og.go:25741:41: PGO devirtualizing grp.group to (*InvertedJoinExpr).group
github.com/cockroachdb/cockroach/bazel-out/darwin_arm64-fastbuild-ST-d1fe7924175e/bin/pkg/sql/opt/memo/expr.og.go:25755:41: PGO devirtualizing grp.group to (*MergeJoinExpr).group
github.com/cockroachdb/cockroach/bazel-out/darwin_arm64-fastbuild-ST-d1fe7924175e/bin/pkg/sql/opt/memo/expr.og.go:25770:41: PGO devirtualizing grp.group to (*ZigzagJoinExpr).group
github.com/cockroachdb/cockroach/bazel-out/darwin_arm64-fastbuild-ST-d1fe7924175e/bin/pkg/sql/opt/memo/expr.og.go:25784:41: PGO devirtualizing grp.group to (*InnerJoinApplyExpr).group
github.com/cockroachdb/cockroach/bazel-out/darwin_arm64-fastbuild-ST-d1fe7924175e/bin/pkg/sql/opt/memo/expr.og.go:25798:41: PGO devirtualizing grp.group to (*LeftJoinApplyExpr).group
github.com/cockroachdb/cockroach/bazel-out/darwin_arm64-fastbuild-ST-d1fe7924175e/bin/pkg/sql/opt/memo/expr.og.go:25812:41: PGO devirtualizing grp.group to (*SemiJoinApplyExpr).group
github.com/cockroachdb/cockroach/bazel-out/darwin_arm64-fastbuild-ST-d1fe7924175e/bin/pkg/sql/opt/memo/expr.og.go:25826:41: PGO devirtualizing grp.group to (*AntiJoinApplyExpr).group
github.com/cockroachdb/cockroach/bazel-out/darwin_arm64-fastbuild-ST-d1fe7924175e/bin/pkg/sql/opt/memo/expr.og.go:25840:41: PGO devirtualizing grp.group to (*GroupByExpr).group
github.com/cockroachdb/cockroach/bazel-out/darwin_arm64-fastbuild-ST-d1fe7924175e/bin/pkg/sql/opt/memo/expr.og.go:25854:41: PGO devirtualizing grp.group to (*ScalarGroupByExpr).group
github.com/cockroachdb/cockroach/bazel-out/darwin_arm64-fastbuild-ST-d1fe7924175e/bin/pkg/sql/opt/memo/expr.og.go:25868:41: PGO devirtualizing grp.group to (*DistinctOnExpr).group
github.com/cockroachdb/cockroach/bazel-out/darwin_arm64-fastbuild-ST-d1fe7924175e/bin/pkg/sql/opt/memo/expr.og.go:25882:41: PGO devirtualizing grp.group to (*EnsureDistinctOnExpr).group
github.com/cockroachdb/cockroach/bazel-out/darwin_arm64-fastbuild-ST-d1fe7924175e/bin/pkg/sql/opt/memo/expr.og.go:25896:41: PGO devirtualizing grp.group to (*UpsertDistinctOnExpr).group
github.com/cockroachdb/cockroach/bazel-out/darwin_arm64-fastbuild-ST-d1fe7924175e/bin/pkg/sql/opt/memo/expr.og.go:25910:41: PGO devirtualizing grp.group to (*EnsureUpsertDistinctOnExpr).group
github.com/cockroachdb/cockroach/bazel-out/darwin_arm64-fastbuild-ST-d1fe7924175e/bin/pkg/sql/opt/memo/expr.og.go:25924:41: PGO devirtualizing grp.group to (*UnionExpr).group
github.com/cockroachdb/cockroach/bazel-out/darwin_arm64-fastbuild-ST-d1fe7924175e/bin/pkg/sql/opt/memo/expr.og.go:25938:41: PGO devirtualizing grp.group to (*IntersectExpr).group
github.com/cockroachdb/cockroach/bazel-out/darwin_arm64-fastbuild-ST-d1fe7924175e/bin/pkg/sql/opt/memo/expr.og.go:25952:41: PGO devirtualizing grp.group to (*ExceptExpr).group
github.com/cockroachdb/cockroach/bazel-out/darwin_arm64-fastbuild-ST-d1fe7924175e/bin/pkg/sql/opt/memo/expr.og.go:25966:41: PGO devirtualizing grp.group to (*UnionAllExpr).group
github.com/cockroachdb/cockroach/bazel-out/darwin_arm64-fastbuild-ST-d1fe7924175e/bin/pkg/sql/opt/memo/expr.og.go:25980:41: PGO devirtualizing grp.group to (*IntersectAllExpr).group
github.com/cockroachdb/cockroach/bazel-out/darwin_arm64-fastbuild-ST-d1fe7924175e/bin/pkg/sql/opt/memo/expr.og.go:25994:41: PGO devirtualizing grp.group to (*ExceptAllExpr).group
github.com/cockroachdb/cockroach/bazel-out/darwin_arm64-fastbuild-ST-d1fe7924175e/bin/pkg/sql/opt/memo/expr.og.go:26008:41: PGO devirtualizing grp.group to (*LocalityOptimizedSearchExpr).group
github.com/cockroachdb/cockroach/bazel-out/darwin_arm64-fastbuild-ST-d1fe7924175e/bin/pkg/sql/opt/memo/expr.og.go:26022:41: PGO devirtualizing grp.group to (*LimitExpr).group
github.com/cockroachdb/cockroach/bazel-out/darwin_arm64-fastbuild-ST-d1fe7924175e/bin/pkg/sql/opt/memo/expr.og.go:26036:41: PGO devirtualizing grp.group to (*OffsetExpr).group
github.com/cockroachdb/cockroach/bazel-out/darwin_arm64-fastbuild-ST-d1fe7924175e/bin/pkg/sql/opt/memo/expr.og.go:26050:41: PGO devirtualizing grp.group to (*TopKExpr).group
github.com/cockroachdb/cockroach/bazel-out/darwin_arm64-fastbuild-ST-d1fe7924175e/bin/pkg/sql/opt/memo/expr.og.go:26064:41: PGO devirtualizing grp.group to (*Max1RowExpr).group
github.com/cockroachdb/cockroach/bazel-out/darwin_arm64-fastbuild-ST-d1fe7924175e/bin/pkg/sql/opt/memo/expr.og.go:26078:41: PGO devirtualizing grp.group to (*OrdinalityExpr).group
github.com/cockroachdb/cockroach/bazel-out/darwin_arm64-fastbuild-ST-d1fe7924175e/bin/pkg/sql/opt/memo/expr.og.go:26092:41: PGO devirtualizing grp.group to (*ProjectSetExpr).group
github.com/cockroachdb/cockroach/bazel-out/darwin_arm64-fastbuild-ST-d1fe7924175e/bin/pkg/sql/opt/memo/expr.og.go:26106:41: PGO devirtualizing grp.group to (*WindowExpr).group
github.com/cockroachdb/cockroach/bazel-out/darwin_arm64-fastbuild-ST-d1fe7924175e/bin/pkg/sql/opt/memo/expr.og.go:26120:41: PGO devirtualizing grp.group to (*WithExpr).group
github.com/cockroachdb/cockroach/bazel-out/darwin_arm64-fastbuild-ST-d1fe7924175e/bin/pkg/sql/opt/memo/expr.og.go:26134:41: PGO devirtualizing grp.group to (*WithScanExpr).group
github.com/cockroachdb/cockroach/bazel-out/darwin_arm64-fastbuild-ST-d1fe7924175e/bin/pkg/sql/opt/memo/expr.og.go:26148:41: PGO devirtualizing grp.group to (*RecursiveCTEExpr).group
github.com/cockroachdb/cockroach/bazel-out/darwin_arm64-fastbuild-ST-d1fe7924175e/bin/pkg/sql/opt/memo/expr.og.go:26162:41: PGO devirtualizing grp.group to (*BarrierExpr).group
github.com/cockroachdb/cockroach/bazel-out/darwin_arm64-fastbuild-ST-d1fe7924175e/bin/pkg/sql/opt/memo/expr.og.go:26176:41: PGO devirtualizing grp.group to (*FakeRelExpr).group
github.com/cockroachdb/cockroach/bazel-out/darwin_arm64-fastbuild-ST-d1fe7924175e/bin/pkg/sql/opt/memo/expr.og.go:26190:41: PGO devirtualizing grp.group to (*CreateTableExpr).group
github.com/cockroachdb/cockroach/bazel-out/darwin_arm64-fastbuild-ST-d1fe7924175e/bin/pkg/sql/opt/memo/expr.og.go:26204:41: PGO devirtualizing grp.group to (*CreateViewExpr).group
github.com/cockroachdb/cockroach/bazel-out/darwin_arm64-fastbuild-ST-d1fe7924175e/bin/pkg/sql/opt/memo/expr.og.go:26218:41: PGO devirtualizing grp.group to (*CreateFunctionExpr).group
github.com/cockroachdb/cockroach/bazel-out/darwin_arm64-fastbuild-ST-d1fe7924175e/bin/pkg/sql/opt/memo/expr.og.go:26232:41: PGO devirtualizing grp.group to (*ExplainExpr).group
github.com/cockroachdb/cockroach/bazel-out/darwin_arm64-fastbuild-ST-d1fe7924175e/bin/pkg/sql/opt/memo/expr.og.go:26246:41: PGO devirtualizing grp.group to (*ShowTraceForSessionExpr).group
github.com/cockroachdb/cockroach/bazel-out/darwin_arm64-fastbuild-ST-d1fe7924175e/bin/pkg/sql/opt/memo/expr.og.go:26260:41: PGO devirtualizing grp.group to (*OpaqueRelExpr).group
github.com/cockroachdb/cockroach/bazel-out/darwin_arm64-fastbuild-ST-d1fe7924175e/bin/pkg/sql/opt/memo/expr.og.go:26274:41: PGO devirtualizing grp.group to (*OpaqueMutationExpr).group
github.com/cockroachdb/cockroach/bazel-out/darwin_arm64-fastbuild-ST-d1fe7924175e/bin/pkg/sql/opt/memo/expr.og.go:26288:41: PGO devirtualizing grp.group to (*OpaqueDDLExpr).group
github.com/cockroachdb/cockroach/bazel-out/darwin_arm64-fastbuild-ST-d1fe7924175e/bin/pkg/sql/opt/memo/expr.og.go:26302:41: PGO devirtualizing grp.group to (*AlterTableSplitExpr).group
github.com/cockroachdb/cockroach/bazel-out/darwin_arm64-fastbuild-ST-d1fe7924175e/bin/pkg/sql/opt/memo/expr.og.go:26316:41: PGO devirtualizing grp.group to (*AlterTableUnsplitExpr).group
github.com/cockroachdb/cockroach/bazel-out/darwin_arm64-fastbuild-ST-d1fe7924175e/bin/pkg/sql/opt/memo/expr.og.go:26330:41: PGO devirtualizing grp.group to (*AlterTableUnsplitAllExpr).group
github.com/cockroachdb/cockroach/bazel-out/darwin_arm64-fastbuild-ST-d1fe7924175e/bin/pkg/sql/opt/memo/expr.og.go:26344:41: PGO devirtualizing grp.group to (*AlterTableRelocateExpr).group
github.com/cockroachdb/cockroach/bazel-out/darwin_arm64-fastbuild-ST-d1fe7924175e/bin/pkg/sql/opt/memo/expr.og.go:26358:41: PGO devirtualizing grp.group to (*ControlJobsExpr).group
github.com/cockroachdb/cockroach/bazel-out/darwin_arm64-fastbuild-ST-d1fe7924175e/bin/pkg/sql/opt/memo/expr.og.go:26372:41: PGO devirtualizing grp.group to (*ControlSchedulesExpr).group
github.com/cockroachdb/cockroach/bazel-out/darwin_arm64-fastbuild-ST-d1fe7924175e/bin/pkg/sql/opt/memo/expr.og.go:26386:41: PGO devirtualizing grp.group to (*CancelQueriesExpr).group
github.com/cockroachdb/cockroach/bazel-out/darwin_arm64-fastbuild-ST-d1fe7924175e/bin/pkg/sql/opt/memo/expr.og.go:26400:41: PGO devirtualizing grp.group to (*CancelSessionsExpr).group
github.com/cockroachdb/cockroach/bazel-out/darwin_arm64-fastbuild-ST-d1fe7924175e/bin/pkg/sql/opt/memo/expr.og.go:26414:41: PGO devirtualizing grp.group to (*ExportExpr).group
github.com/cockroachdb/cockroach/bazel-out/darwin_arm64-fastbuild-ST-d1fe7924175e/bin/pkg/sql/opt/memo/expr.og.go:26428:41: PGO devirtualizing grp.group to (*ShowCompletionsExpr).group
github.com/cockroachdb/cockroach/bazel-out/darwin_arm64-fastbuild-ST-d1fe7924175e/bin/pkg/sql/opt/memo/expr.og.go:26442:41: PGO devirtualizing grp.group to (*CreateStatisticsExpr).group
github.com/cockroachdb/cockroach/bazel-out/darwin_arm64-fastbuild-ST-d1fe7924175e/bin/pkg/sql/opt/memo/expr.og.go:26456:41: PGO devirtualizing grp.group to (*AlterRangeRelocateExpr).group
github.com/cockroachdb/cockroach/bazel-out/darwin_arm64-fastbuild-ST-d1fe7924175e/bin/pkg/sql/opt/memo/expr.og.go:26470:41: PGO devirtualizing grp.group to (*CallExpr).group
github.com/cockroachdb/cockroach/pkg/sql/opt/ordering/scan.go:23:12: PGO devirtualizing expr.Memo to memo.(*ScanExpr).Memo
github.com/cockroachdb/cockroach/pkg/sql/opt/norm/decorrelate_funcs.go:30:45: PGO devirtualizing scalarPropsExpr.ScalarProps to memo.(*ProjectionsItem).ScalarProps
github.com/cockroachdb/cockroach/pkg/sql/opt/norm/general_funcs.go:113:19: PGO devirtualizing e.DataType to memo.(*VariableExpr).DataType
github.com/cockroachdb/cockroach/pkg/sql/opt/norm/prune_cols_funcs.go:509:26: PGO devirtualizing e.Relational to memo.(*ValuesExpr).Relational
github.com/cockroachdb/cockroach/pkg/sql/colexec/materializer.go:229:15: PGO devirtualizing m.input.Init to colexecutils.(*CancelChecker).Init
github.com/cockroachdb/cockroach/pkg/sql/colexec/sort.go:280:17: PGO devirtualizing p.input.spool to (*allSpooler).spool
github.com/cockroachdb/cockroach/pkg/sql/colexec/sorttopk.go:232:26: PGO devirtualizing t.comparators[i].setVec to (*Float64VecComparator).setVec
github.com/cockroachdb/cockroach/pkg/sql/rowexec/joinreader.go:957:42: PGO devirtualizing jr.strategy.growMemoryAccount to (*joinReaderNoOrderingStrategy).growMemoryAccount
github.com/cockroachdb/cockroach/pkg/sql/rowexec/joinreader.go:1095:54: PGO devirtualizing jr.strategy.processLookedUpRow to (*joinReaderNoOrderingStrategy).processLookedUpRow
github.com/cockroachdb/cockroach/pkg/sql/rowexec/joinreader.go:1171:56: PGO devirtualizing jr.strategy.nextRowToEmit to (*joinReaderNoOrderingStrategy).nextRowToEmit
github.com/cockroachdb/cockroach/pkg/sql/rowexec/joinreader_strategies.go:211:24: PGO devirtualizing s.joinReaderSpanGenerator.generateSpans to (*defaultSpanGenerator).generateSpans
github.com/cockroachdb/cockroach/pkg/sql/rowexec/sampler.go:261:28: PGO devirtualizing s.input.Next to (*tableReader).Next
github.com/cockroachdb/cockroach/pkg/sql/opt/xform/optimizer.go:605:31: PGO devirtualizing o.coster.ComputeCost to (*coster).ComputeCost
github.com/cockroachdb/cockroach/pkg/sql/opt/xform/optimizer.go:724:48: PGO devirtualizing o.coster.ComputeCost to (*coster).ComputeCost
github.com/cockroachdb/cockroach/pkg/sql/opt/xform/optimizer.go:306:20: PGO devirtualizing t.ScalarProps to memo.(*FiltersItem).ScalarProps
github.com/cockroachdb/cockroach/pkg/sql/opt/xform/optimizer.go:788:20: PGO devirtualizing t.ScalarProps to memo.(*ProjectionsItem).ScalarProps
github.com/cockroachdb/cockroach/pkg/sql/opt/exec/execbuilder/builder.go:238:53: PGO devirtualizing (<node DYNAMICDOTTYPE>).Relational to memo.(*PlaceholderScanExpr).Relational
github.com/cockroachdb/cockroach/pkg/sql/opt/exec/execbuilder/relational.go:410:28: PGO devirtualizing e.RequiredPhysical to memo.(*PlaceholderScanExpr).RequiredPhysical
github.com/cockroachdb/cockroach/pkg/sql/colflow/routers.go:685:17: PGO devirtualizing o.addBatch to (*routerOutputOp).addBatch
github.com/cockroachdb/cockroach/pkg/sql/opt/optbuilder/util.go:338:35: PGO devirtualizing vBase.NormalizeVarName to tree.(*UnresolvedName).NormalizeVarName
github.com/cockroachdb/cockroach/pkg/sql/schema_resolver.go:404:47: PGO devirtualizing sr.authAccessor.CheckPrivilegeForUser to (*planner).CheckPrivilegeForUser
github.com/cockroachdb/cockroach/pkg/sql/plan.go:386:19: PGO devirtualizing p.planNode.Close to (*scanNode).Close
github.com/cockroachdb/cockroach/pkg/sql/scan.go:212:34: PGO devirtualizing n.desc.GetPrimaryIndex to tabledesc.(*wrapper).GetPrimaryIndex
github.com/cockroachdb/cockroach/pkg/sql/distsql_running.go:469:88: PGO devirtualizing evalCtx.Context.Planner.Mon to (*planner).Mon
github.com/cockroachdb/cockroach/pkg/sql/plan_opt.go:366:19: PGO devirtualizing opc.catalog.reset to (*optCatalog).reset
github.com/cockroachdb/cockroach/pkg/sql/buffer.go:48:24: PGO devirtualizing n.plan.Next to (*rowSourceToPlanNode).Next
github.com/cockroachdb/cockroach/pkg/sql/buffer.go:55:30: PGO devirtualizing n.plan.Values to (*rowSourceToPlanNode).Values
github.com/cockroachdb/cockroach/pkg/sql/conn_executor_prepare.go:564:47: PGO devirtualizing .autotmp_11.getCursor to connExCursorAccessor.getCursor
github.com/cockroachdb/cockroach/pkg/sql/plan.go:520:22: PGO devirtualizing n.startExec to (*rowCountNode).startExec
github.com/cockroachdb/cockroach/pkg/sql/exec_factory_util.go:121:22: PGO devirtualizing table.Column to (*optTable).Column
github.com/cockroachdb/cockroach/pkg/sql/error_if_rows.go:42:24: PGO devirtualizing n.plan.Next to (*rowSourceToPlanNode).Next
github.com/cockroachdb/cockroach/pkg/sql/insert.go:300:32: PGO devirtualizing n.source.Next to (*bufferNode).Next
github.com/cockroachdb/cockroach/pkg/sql/lookup_join.go:95:16: PGO devirtualizing lj.input.Close to (*scanNode).Close
github.com/cockroachdb/cockroach/pkg/sql/opt_catalog.go:407:9: PGO devirtualizing o.ID to (*optTable).ID
github.com/cockroachdb/cockroach/pkg/sql/opt_catalog.go:1220:31: PGO devirtualizing ot.desc.AllColumns to tabledesc.(*wrapper).AllColumns
github.com/cockroachdb/cockroach/pkg/sql/opt_catalog.go:1229:34: PGO devirtualizing ot.desc.ActiveIndexes to tabledesc.(*wrapper).ActiveIndexes
github.com/cockroachdb/cockroach/pkg/sql/opt_catalog.go:2041:19: PGO devirtualizing originTable.ID to (*optTable).ID
github.com/cockroachdb/cockroach/pkg/sql/opt_exec_factory.go:133:25: PGO devirtualizing table.IsVirtualTable to (*optTable).IsVirtualTable
github.com/cockroachdb/cockroach/pkg/sql/opt_exec_factory.go:164:22: PGO devirtualizing scan.desc.IndexSpan to tabledesc.(*wrapper).IndexSpan
github.com/cockroachdb/cockroach/pkg/sql/opt_exec_factory.go:2241:31: PGO devirtualizing tab.getCol to (*optTable).getCol
github.com/cockroachdb/cockroach/pkg/sql/plan_batch.go:115:39: PGO devirtualizing s.source.BatchedNext to (*updateNode).BatchedNext
github.com/cockroachdb/cockroach/pkg/sql/plan_batch.go:128:68: PGO devirtualizing s.source.Close to (*updateNode).Close
github.com/cockroachdb/cockroach/pkg/sql/plan_batch.go:140:22: PGO devirtualizing m.rowsWritten to (*updateNode).rowsWritten
github.com/cockroachdb/cockroach/pkg/sql/plan_batch.go:173:40: PGO devirtualizing r.source.BatchedNext to (*upsertNode).BatchedNext
github.com/cockroachdb/cockroach/pkg/sql/plan_batch.go:176:39: PGO devirtualizing r.source.BatchedCount to (*upsertNode).BatchedCount
github.com/cockroachdb/cockroach/pkg/sql/plan_batch.go:184:77: PGO devirtualizing r.source.Close to (*upsertNode).Close
github.com/cockroachdb/cockroach/pkg/sql/plan_node_to_row_source.go:255:39: PGO devirtualizing m.rowsWritten to (*rowCountNode).rowsWritten
github.com/cockroachdb/cockroach/pkg/sql/plan_node_to_row_source.go:190:44: PGO devirtualizing fastPath.FastPathResults to (*rowCountNode).FastPathResults
github.com/cockroachdb/cockroach/pkg/sql/plan_node_to_row_source.go:220:28: PGO devirtualizing p.node.Next to (*serializeNode).Next
github.com/cockroachdb/cockroach/pkg/sql/plan_node_to_row_source.go:226:38: PGO devirtualizing p.node.Values to (*valuesNode).Values
github.com/cockroachdb/cockroach/pkg/sql/render.go:79:70: PGO devirtualizing r.source.plan.Close to (*valuesNode).Close
github.com/cockroachdb/cockroach/pkg/sql/row_source_to_plan_node.go:72:16: PGO devirtualizing r.source.Start to (*planNodeToRowSource).Start
github.com/cockroachdb/cockroach/pkg/sql/row_source_to_plan_node.go:79:30: PGO devirtualizing r.source.Next to (*planNodeToRowSource).Next
github.com/cockroachdb/cockroach/pkg/sql/row_source_to_plan_node.go:86:31: PGO devirtualizing r.forwarder.forwardMetadata to (*planNodeToRowSource).forwardMetadata
github.com/cockroachdb/cockroach/pkg/sql/row_source_to_plan_node.go:120:27: PGO devirtualizing r.originalPlanNode.Close to (*renderNode).Close
github.com/cockroachdb/cockroach/pkg/sql/spool.go:104:16: PGO devirtualizing s.source.Close to (*rowSourceToPlanNode).Close
github.com/cockroachdb/cockroach/pkg/sql/update.go:237:43: PGO devirtualizing slot.extractValues to scalarSlot.extractValues
github.com/cockroachdb/cockroach/pkg/sql/update.go:168:32: PGO devirtualizing u.source.Next to (*rowSourceToPlanNode).Next
github.com/cockroachdb/cockroach/pkg/sql/update.go:378:16: PGO devirtualizing u.source.Close to (*rowSourceToPlanNode).Close
github.com/cockroachdb/cockroach/pkg/sql/upsert.go:92:32: PGO devirtualizing n.source.Next to (*rowSourceToPlanNode).Next
github.com/cockroachdb/cockroach/pkg/sql/upsert.go:102:55: PGO devirtualizing n.source.Values to (*rowSourceToPlanNode).Values
github.com/cockroachdb/cockroach/pkg/sql/upsert.go:194:16: PGO devirtualizing n.source.Close to (*rowSourceToPlanNode).Close
github.com/cockroachdb/cockroach/pkg/sql/pgwire/write_buffer.go:179:19: PGO devirtualizing w.Write to bytes.(*Buffer).Write
